image number: 5_4
pred labels: [tensor([0, 0, 0, 0, 0, 0, 0, 0, 0, 0, 0, 0, 0, 0, 0, 0, 0, 0, 0, 0, 0, 0, 0, 0,
        0, 0, 0, 0, 0, 0, 0, 0, 0, 0, 0, 0, 0, 0, 0, 0, 0, 0, 0, 0, 0, 0, 0, 0,
        0, 0, 0, 0, 0, 0, 0, 0, 0, 0, 0, 0, 0, 0, 0, 0, 0, 0, 0, 0, 0, 0, 0, 0,
        0, 0, 0, 0, 0, 0, 0, 0, 0, 0, 0, 0, 0, 0, 0, 0, 0, 0, 0, 0, 0, 0, 0, 0,
        0, 0, 0, 0, 0, 0, 0, 0, 0, 0, 0, 0, 0, 0, 0, 0, 0, 0, 0, 0, 0, 0, 0, 0,
        0, 0, 0, 0, 0, 0, 0, 0, 0, 0]), tensor([0, 0, 0, 0, 0, 0, 0, 0, 0, 0, 0, 0, 0, 0, 0, 0, 0, 0, 0, 0, 0, 0, 0, 0,
        0, 0, 0, 0, 0, 0, 0, 0, 0, 0, 0, 0, 0, 0, 0, 0, 0, 0, 0, 0, 0, 0, 0, 0,
        0, 0, 0, 0, 0, 0, 0, 0, 0, 0, 0, 0, 0, 0, 0, 0, 0, 0, 0, 0, 0, 0, 0, 0,
        0, 0, 0, 0, 0, 0, 0, 0, 0, 0, 0, 0, 0, 0, 0, 0, 0, 0, 0, 0, 0, 0, 0, 0,
        0, 0, 0, 0, 0, 0, 0, 0, 0, 0, 0, 0, 0, 0, 0, 0, 0, 0, 0, 0, 0, 0, 0, 0,
        0, 0, 0, 0, 0, 0, 0, 0, 0, 0]), tensor([3, 3, 3, 3, 3, 3, 3, 3, 3, 3, 3, 3, 3, 3, 3, 3, 3, 3, 3, 3, 3, 3, 3, 3,
        3, 3, 3, 3, 3, 3, 3, 3, 3, 3, 3, 3, 3, 3, 3, 3, 3, 3, 3, 3, 3, 3, 3, 3,
        3, 3, 3, 3, 3, 3, 3, 3, 3, 3, 3, 3, 3, 3, 3, 3, 3, 3, 3, 3, 3, 3, 3, 3,
        3, 3, 3, 3, 3, 3, 3, 3, 3, 3, 3, 3, 3, 3, 3, 3, 3, 3, 3, 3, 3, 3, 3, 3,
        3, 3, 3, 3, 3, 3, 3, 3, 3, 3, 3, 3, 3, 3, 3, 3, 3, 3, 3, 3, 3, 3, 3, 3,
        3, 3, 3, 3, 3, 3, 3, 3, 3, 3]), tensor([1, 1, 1, 1, 1, 1, 1, 1, 1, 1, 1, 1, 1, 1, 1, 1, 1, 1, 1, 1, 1, 1, 1, 1,
        1, 1, 1, 1, 1, 1, 1, 1, 1, 1, 1, 1, 1, 1, 1, 1, 1, 1, 1, 1, 1, 1, 1, 1,
        1, 1, 1, 1, 1, 1, 1, 1, 1, 1, 1, 1, 1, 1, 1, 1, 1, 1, 1, 1, 1, 1, 1, 1,
        1, 1, 1, 1, 1, 1, 1, 1, 1, 1, 1, 1, 1, 1, 1, 1, 1, 1, 1, 1, 1, 1, 1, 1,
        1, 1, 1, 1, 1, 1, 1, 1, 1, 1, 1, 1, 1, 1, 1, 1, 1, 1, 1, 1, 1, 1, 1, 1,
        1, 1, 1, 1, 1, 1, 1, 1, 1, 1]), tensor([1, 1, 1, 1, 1, 1, 1, 1, 1, 1, 1, 1, 1, 1, 1, 1, 1, 1, 1, 1, 1, 1, 1, 1,
        1, 1, 1, 1, 1, 1, 1, 1, 1, 1, 1, 1, 1, 1, 1, 1, 1, 1, 1, 1, 1, 1, 1, 1,
        1, 1, 1, 1, 1, 1, 1, 1, 1, 1, 1, 1, 1, 1, 1, 1, 1, 1, 1, 1, 1, 1, 1, 1,
        1, 1, 1, 1, 1, 1, 1, 1, 1, 1, 1, 1, 1, 1, 1, 1, 1, 1, 1, 1, 1, 1, 1, 1,
        1, 1, 1, 1, 1, 1, 1, 1, 1, 1, 1, 1, 1, 1, 1, 1, 1, 1, 1, 1, 1, 1, 1, 1,
        1, 1, 1, 1, 1, 1, 1, 1, 1, 1]), tensor([1, 1, 1, 1, 1, 1, 1, 1, 1, 1, 1, 1, 1, 1, 1, 1, 1, 1, 1, 1, 1, 1, 1, 1,
        1, 1, 1, 1, 1, 1, 1, 1, 1, 1, 1, 1, 1, 1, 1, 1, 1, 1, 1, 1, 1, 1, 1, 1,
        1, 1, 1, 1, 1, 1, 1, 1, 1, 1, 1, 1, 1, 1, 1, 1, 1, 1, 1, 1, 1, 1, 1, 1,
        1, 1, 1, 1, 1, 1, 1, 1, 1, 1, 1, 1, 1, 1, 1, 1, 1, 1, 1, 1, 1, 1, 1, 1,
        1, 1, 1, 1, 1, 1, 1, 1, 1, 1, 1, 1, 1, 1, 1, 1, 1, 1, 1, 1, 1, 1, 1, 1,
        1, 1, 1, 1, 1, 1, 1, 1, 1, 1]), tensor([1, 1, 1, 1, 1, 1, 1, 1, 1, 1, 1, 1, 1, 1, 1, 1, 1, 1, 1, 1, 1, 1, 1, 1,
        1, 1, 1, 1, 1, 1, 1, 1, 1, 1, 1, 1, 1, 1, 1, 1, 1, 1, 1, 1, 1, 1, 1, 1,
        1, 1, 1, 1, 1, 1, 1, 1, 1, 1, 1, 1, 1, 1, 1, 1, 1, 1, 1, 1, 1, 1, 1, 1,
        1, 1, 1, 1, 1, 1, 1, 1, 1, 1, 1, 1, 1, 1, 1, 1, 1, 1, 1, 1, 1, 1, 1, 1,
        1, 1, 1, 1, 1, 1, 1, 1, 1, 1, 1, 1, 1, 1, 1, 1, 1, 1, 1, 1, 1, 1, 1, 1,
        1, 1, 1, 1, 1, 1, 1, 1, 1, 1]), tensor([1, 1, 1, 1, 1, 1, 1, 1, 1, 1, 1, 1, 1, 1, 1, 1, 1, 1, 1, 1, 1, 1, 1, 1,
        1, 1, 1, 1, 1, 1, 1, 1, 1, 1, 1, 1, 1, 1, 1, 1, 1, 1, 1, 1, 1, 1, 1, 1,
        1, 1, 1, 1, 1, 1, 1, 1, 1, 1, 1, 1, 1, 1, 1, 1, 1, 1, 1, 1, 1, 1, 1, 1,
        1, 1, 1, 1, 1, 1, 1, 1, 1, 1, 1, 1, 1, 1, 1, 1, 1, 1, 1, 1, 1, 1, 1, 1,
        1, 1, 1, 1, 1, 1, 1, 1, 1, 1, 1, 1, 1, 1, 1, 1, 1, 1, 1, 1, 1, 1, 1, 1,
        1, 1, 1, 1, 1, 1, 1, 1, 1, 1]), tensor([0, 1, 1, 0, 0, 2, 1, 0, 4, 0, 2, 0, 3, 0, 4, 4, 0, 1, 1, 2, 0, 0, 0, 4,
        1, 0, 4, 0, 1, 1, 0, 4, 0, 2, 0, 1, 1, 2, 0, 1, 3, 1, 0, 1, 0, 4, 0, 2,
        0, 0, 0, 0, 0, 0, 0, 0, 0, 0, 4, 4, 1, 4, 2, 0, 0, 0, 0, 4, 0, 0, 0, 0,
        2, 2, 0, 1, 1, 1, 2, 0, 0, 1, 2, 0, 3, 0, 0, 1, 0, 0, 2, 2, 1, 0, 2, 2,
        1, 2, 1, 4, 0, 4, 0, 3, 0, 0, 0, 2, 2, 0, 4, 1, 0, 0, 2, 0, 0, 1, 0, 0,
        0, 4, 1, 0, 0, 0, 1, 4, 4, 1]), tensor([0, 3, 0, 0, 0, 0, 0, 0, 0, 0, 3, 0, 3, 0, 0, 0, 3, 0, 3, 3, 3, 0, 0, 0,
        0, 0, 0, 3, 3, 0, 0, 0, 0, 3, 0, 0, 0, 0, 0, 0, 0, 0, 0, 3, 0, 0, 3, 0,
        3, 0, 3, 0, 0, 0, 0, 3, 0, 0, 3, 0, 0, 0, 0, 0, 0, 0, 0, 0, 0, 3, 0, 0,
        0, 0, 0, 0, 0, 0, 0, 0, 0, 0, 0, 0, 0, 3, 0, 0, 0, 0, 0, 3, 0, 0, 0, 0,
        0, 3, 0, 0, 0, 0, 0, 0, 0, 0, 0, 0, 0, 3, 0, 3, 0, 0, 3, 0, 0, 0, 3, 3,
        0, 0, 0, 0, 0, 3, 0, 0, 0, 3]), tensor([3, 3, 3, 0, 3, 0, 3, 3, 0, 0, 3, 0, 3, 3, 3, 0, 3, 3, 3, 0, 3, 0, 3, 3,
        3, 0, 3, 0, 0, 0, 3, 3, 3, 3, 3, 0, 3, 3, 0, 0, 3, 3, 3, 3, 3, 3, 0, 0,
        0, 3, 3, 0, 3, 0, 0, 3, 3, 3, 3, 3, 3, 0, 3, 3, 0, 3, 3, 3, 3, 3, 0, 3,
        3, 3, 3, 0, 3, 3, 3, 0, 3, 3, 3, 0, 3, 3, 3, 0, 3, 3, 3, 3, 3, 0, 3, 3,
        3, 3, 0, 0, 3, 0, 0, 3, 3, 3, 3, 0, 3, 0, 3, 0, 0, 3, 0, 3, 3, 0, 0, 0,
        3, 3, 3, 3, 3, 0, 0, 0, 3, 3]), tensor([3, 3, 3, 0, 3, 3, 3, 3, 0, 3, 3, 3, 3, 2, 0, 3, 3, 3, 3, 0, 3, 3, 3, 0,
        3, 3, 2, 0, 3, 3, 0, 3, 3, 2, 3, 3, 3, 3, 2, 3, 2, 2, 3, 3, 3, 3, 2, 3,
        2, 0, 3, 3, 3, 0, 3, 2, 2, 3, 3, 2, 3, 3, 3, 3, 3, 3, 3, 3, 0, 3, 3, 3,
        0, 3, 3, 3, 0, 2, 3, 3, 3, 3, 3, 3, 3, 3, 3, 3, 3, 0, 3, 3, 3, 3, 3, 2,
        3, 2, 3, 3, 3, 0, 3, 2, 3, 3, 3, 3, 3, 3, 3, 3, 3, 0, 3, 2, 3, 3, 3, 2,
        3, 3, 3, 3, 3, 3, 3, 0, 3, 2]), tensor([4, 4, 4, 4, 4, 0, 4, 0, 4, 4, 4, 4, 4, 4, 4, 0, 4, 0, 0, 4, 4, 4, 0, 4,
        4, 2, 4, 4, 0, 0, 4, 4, 4, 0, 0, 4, 0, 4, 0, 4, 4, 4, 0, 4, 0, 4, 0, 4,
        4, 0, 4, 0, 0, 4, 4, 4, 0, 0, 0, 4, 0, 0, 0, 0, 4, 0, 4, 4, 4, 0, 0, 4,
        4, 4, 4, 4, 0, 4, 2, 4, 4, 4, 2, 4, 4, 0, 0, 4, 4, 4, 4, 4, 4, 0, 4, 4,
        0, 4, 4, 0, 0, 4, 0, 0, 0, 4, 4, 4, 4, 4, 0, 4, 4, 4, 4, 0, 0, 0, 0, 4,
        4, 4, 0, 4, 4, 4, 4, 4, 0, 4]), tensor([4, 4, 2, 0, 4, 0, 4, 4, 4, 0, 0, 4, 0, 0, 0, 2, 4, 0, 0, 2, 0, 0, 4, 4,
        4, 4, 4, 0, 0, 0, 0, 0, 4, 0, 0, 0, 4, 0, 0, 0, 0, 4, 0, 0, 0, 0, 4, 4,
        2, 0, 4, 0, 0, 4, 4, 0, 4, 4, 0, 0, 2, 4, 0, 4, 0, 2, 0, 0, 0, 0, 0, 4,
        4, 4, 0, 0, 0, 0, 0, 0, 0, 4, 0, 2, 0, 0, 0, 4, 0, 4, 4, 4, 0, 0, 0, 0,
        0, 4, 4, 2, 4, 0, 0, 0, 4, 4, 0, 4, 4, 4, 2, 0, 4, 2, 0, 2, 4, 2, 4, 4,
        4, 0, 0, 4, 4, 0, 0, 0, 4, 4]), tensor([4, 0, 0, 2, 0, 0, 0, 0, 2, 2, 0, 0, 4, 2, 0, 2, 4, 0, 2, 0, 4, 0, 4, 2,
        2, 0, 4, 0, 0, 0, 2, 0, 2, 0, 0, 0, 2, 2, 0, 0, 2, 0, 0, 4, 0, 4, 0, 4,
        0, 0, 2, 4, 0, 2, 0, 0, 0, 2, 2, 2, 2, 0, 0, 2, 0, 0, 0, 0, 0, 0, 0, 0,
        0, 0, 0, 0, 0, 2, 0, 0, 2, 4, 0, 4, 2, 0, 0, 2, 2, 0, 4, 0, 4, 0, 2, 0,
        2, 0, 2, 0, 0, 2, 0, 2, 0, 0, 0, 0, 2, 0, 0, 2, 2, 0, 0, 4, 0, 2, 0, 2,
        0, 0, 0, 4, 0, 0, 4, 4, 0, 0]), tensor([2, 0, 0, 2, 2, 0, 4, 0, 4, 3, 0, 2, 2, 0, 0, 0, 2, 0, 0, 0, 2, 0, 0, 0,
        0, 3, 4, 0, 0, 0, 0, 0, 2, 4, 4, 4, 2, 0, 2, 0, 2, 3, 2, 0, 3, 0, 1, 0,
        4, 0, 4, 4, 0, 3, 4, 2, 2, 0, 2, 2, 0, 2, 0, 0, 0, 3, 4, 0, 0, 0, 2, 0,
        0, 2, 0, 0, 0, 4, 0, 4, 3, 2, 0, 3, 0, 2, 3, 2, 0, 0, 0, 2, 0, 2, 0, 0,
        3, 0, 0, 0, 2, 0, 2, 1, 0, 0, 2, 4, 3, 2, 0, 0, 0, 2, 0, 0, 0, 0, 0, 4,
        0, 1, 0, 0, 0, 2, 0, 0, 2, 0]), tensor([3, 1, 1, 3, 1, 1, 1, 1, 1, 3, 1, 1, 0, 3, 1, 3, 3, 3, 1, 1, 1, 1, 3, 1,
        1, 1, 1, 3, 3, 1, 3, 1, 1, 1, 3, 1, 3, 1, 3, 3, 3, 1, 1, 1, 3, 1, 1, 3,
        1, 0, 3, 1, 1, 3, 3, 3, 3, 1, 3, 1, 3, 0, 1, 0, 3, 1, 1, 1, 1, 1, 3, 1,
        3, 1, 1, 1, 1, 3, 1, 1, 1, 1, 0, 3, 3, 3, 1, 1, 3, 1, 1, 1, 1, 1, 3, 3,
        1, 1, 3, 3, 1, 3, 1, 1, 1, 1, 3, 1, 1, 3, 3, 1, 1, 1, 1, 1, 3, 3, 1, 1,
        1, 1, 1, 3, 3, 1, 1, 3, 1, 1]), tensor([1, 1, 1, 3, 1, 1, 1, 1, 1, 1, 0, 1, 1, 1, 1, 1, 1, 3, 3, 1, 1, 1, 1, 1,
        1, 3, 1, 3, 3, 1, 1, 1, 1, 3, 1, 1, 1, 1, 1, 1, 1, 1, 1, 1, 1, 0, 1, 1,
        1, 1, 1, 1, 1, 1, 1, 3, 1, 1, 0, 1, 1, 1, 3, 1, 3, 1, 1, 3, 1, 3, 1, 1,
        1, 1, 1, 1, 1, 1, 0, 1, 1, 3, 3, 1, 1, 1, 0, 1, 1, 1, 1, 1, 0, 1, 3, 1,
        0, 1, 1, 1, 0, 1, 1, 1, 1, 1, 1, 1, 1, 1, 1, 1, 1, 3, 1, 1, 3, 1, 1, 3,
        1, 1, 3, 3, 0, 1, 1, 1, 1, 1]), tensor([0, 0, 0, 0, 0, 0, 0, 0, 1, 0, 0, 0, 0, 0, 0, 0, 0, 1, 1, 1, 1, 0, 0, 1,
        1, 1, 0, 1, 0, 0, 0, 0, 3, 1, 0, 1, 0, 0, 0, 1, 0, 0, 1, 0, 0, 0, 1, 0,
        1, 0, 0, 1, 0, 1, 0, 0, 0, 0, 0, 0, 0, 0, 0, 0, 0, 0, 0, 0, 0, 1, 0, 1,
        0, 0, 0, 0, 1, 0, 1, 0, 0, 0, 0, 0, 1, 0, 1, 0, 0, 0, 1, 0, 0, 1, 0, 0,
        0, 0, 1, 0, 0, 0, 0, 0, 1, 0, 0, 0, 0, 1, 0, 1, 0, 1, 0, 0, 0, 0, 1, 0,
        0, 3, 1, 0, 0, 0, 0, 0, 0, 0]), tensor([0, 0, 0, 0, 0, 1, 1, 0, 1, 0, 0, 0, 0, 0, 0, 0, 0, 1, 1, 0, 0, 0, 0, 3,
        0, 0, 0, 0, 0, 0, 0, 0, 0, 0, 0, 0, 0, 1, 0, 1, 0, 0, 0, 0, 1, 0, 0, 0,
        0, 0, 3, 1, 3, 0, 0, 1, 1, 0, 0, 0, 1, 0, 0, 0, 0, 0, 0, 0, 0, 0, 0, 1,
        1, 1, 0, 0, 0, 0, 0, 1, 0, 0, 0, 1, 0, 1, 0, 0, 0, 0, 1, 0, 0, 0, 0, 0,
        0, 0, 0, 0, 0, 0, 0, 0, 0, 0, 1, 0, 0, 0, 0, 0, 1, 0, 0, 0, 0, 0, 0, 0,
        1, 0, 0, 0, 0, 0, 1, 3, 1, 0]), tensor([0, 0, 3, 1, 0, 0, 0, 0, 1, 0, 3, 3, 0, 0, 1, 1, 0, 0, 0, 3, 1, 0, 0, 3,
        0, 0, 0, 3, 0, 1, 0, 3, 3, 0, 0, 0, 0, 0, 0, 0, 0, 0, 0, 0, 0, 3, 0, 1,
        3, 3, 0, 0, 3, 1, 3, 1, 3, 0, 0, 0, 1, 0, 3, 0, 0, 0, 0, 0, 0, 0, 0, 0,
        0, 1, 0, 3, 1, 0, 0, 0, 0, 0, 1, 1, 3, 0, 0, 0, 0, 0, 0, 0, 3, 1, 3, 0,
        3, 3, 1, 1, 0, 0, 0, 0, 3, 0, 0, 3, 0, 0, 0, 3, 3, 1, 3, 1, 3, 3, 1, 1,
        0, 1, 1, 0, 3, 0, 1, 0, 1, 1]), tensor([3, 1, 3, 3, 3, 1, 1, 1, 3, 3, 1, 1, 1, 1, 1, 3, 1, 1, 1, 1, 0, 3, 1, 1,
        3, 1, 1, 3, 1, 3, 3, 1, 1, 1, 1, 3, 3, 3, 3, 3, 0, 1, 1, 3, 3, 1, 0, 3,
        3, 1, 3, 3, 3, 1, 3, 3, 1, 3, 3, 3, 3, 3, 1, 1, 1, 3, 1, 3, 0, 3, 3, 3,
        3, 1, 3, 3, 3, 1, 1, 1, 1, 1, 1, 3, 3, 1, 3, 0, 3, 1, 3, 1, 3, 3, 3, 3,
        1, 1, 1, 1, 0, 1, 1, 1, 3, 1, 3, 3, 1, 3, 1, 3, 3, 3, 3, 1, 1, 3, 3, 3,
        3, 1, 3, 1, 3, 1, 1, 3, 1, 1]), tensor([3, 3, 1, 1, 1, 3, 1, 1, 3, 1, 3, 3, 1, 3, 3, 1, 1, 1, 1, 1, 1, 1, 1, 1,
        1, 1, 3, 1, 3, 1, 3, 1, 1, 3, 1, 1, 1, 1, 1, 1, 1, 3, 1, 3, 3, 1, 3, 1,
        1, 1, 1, 1, 3, 1, 1, 1, 1, 1, 1, 3, 3, 1, 1, 1, 1, 1, 1, 1, 1, 3, 1, 1,
        1, 3, 3, 1, 3, 1, 1, 3, 3, 3, 1, 1, 1, 0, 1, 3, 1, 0, 3, 1, 1, 3, 1, 3,
        0, 3, 1, 1, 1, 3, 1, 3, 3, 1, 3, 3, 3, 1, 1, 3, 3, 3, 1, 1, 3, 1, 3, 1,
        1, 1, 1, 1, 3, 3, 1, 1, 1, 3]), tensor([0, 0, 3, 1, 3, 1, 3, 0, 0, 0, 0, 3, 0, 1, 1, 0, 3, 0, 1, 0, 3, 0, 0, 0,
        1, 3, 0, 0, 0, 1, 0, 1, 0, 3, 0, 3, 0, 0, 1, 0, 1, 0, 1, 0, 0, 0, 3, 0,
        0, 3, 0, 0, 0, 0, 3, 0, 1, 1, 0, 0, 0, 0, 0, 0, 0, 3, 0, 1, 3, 1, 0, 1,
        0, 1, 1, 1, 0, 1, 0, 0, 1, 1, 0, 0, 0, 1, 0, 3, 0, 3, 0, 0, 0, 0, 0, 0,
        0, 0, 0, 1, 0, 3, 0, 3, 0, 0, 0, 3, 0, 3, 1, 0, 0, 0, 0, 1, 0, 1, 0, 0,
        1, 3, 0, 0, 0, 3, 0, 0, 0, 0]), tensor([0, 2, 0, 3, 0, 0, 0, 0, 0, 0, 0, 0, 0, 0, 0, 2, 0, 0, 0, 0, 0, 0, 0, 0,
        0, 0, 0, 0, 2, 0, 0, 0, 0, 0, 0, 0, 0, 0, 0, 0, 0, 0, 0, 0, 0, 0, 2, 0,
        0, 0, 0, 0, 1, 0, 0, 0, 0, 0, 0, 0, 0, 0, 0, 0, 0, 2, 0, 0, 0, 0, 0, 0,
        0, 0, 0, 0, 0, 0, 0, 0, 1, 0, 0, 0, 0, 0, 0, 0, 0, 0, 0, 0, 0, 0, 0, 0,
        2, 0, 0, 0, 0, 2, 0, 0, 0, 0, 0, 0, 0, 0, 3, 0, 0, 0, 0, 0, 0, 2, 0, 0,
        0, 0, 1, 2, 0, 0, 0, 0, 0, 0]), tensor([0, 2, 0, 0, 2, 2, 0, 2, 2, 2, 0, 2, 2, 2, 0, 0, 2, 0, 0, 0, 2, 2, 2, 2,
        0, 2, 2, 0, 2, 0, 2, 0, 0, 2, 0, 0, 2, 0, 2, 2, 0, 0, 2, 2, 0, 2, 0, 0,
        2, 2, 0, 2, 0, 2, 2, 0, 0, 0, 2, 2, 0, 2, 2, 2, 0, 2, 2, 2, 0, 0, 2, 0,
        2, 2, 0, 2, 0, 0, 2, 2, 2, 2, 2, 0, 2, 2, 2, 2, 2, 2, 2, 2, 2, 2, 0, 2,
        2, 0, 0, 2, 0, 2, 2, 0, 0, 2, 0, 2, 0, 2, 0, 2, 0, 2, 0, 0, 2, 2, 2, 2,
        0, 0, 0, 2, 2, 2, 0, 2, 2, 3]), tensor([2, 2, 2, 2, 2, 2, 2, 2, 2, 2, 2, 2, 2, 2, 2, 2, 2, 2, 2, 2, 2, 2, 2, 0,
        2, 2, 2, 2, 2, 2, 2, 2, 2, 2, 2, 2, 2, 2, 2, 2, 2, 2, 2, 2, 2, 2, 2, 2,
        2, 2, 2, 2, 2, 2, 2, 2, 2, 2, 2, 2, 2, 2, 0, 2, 2, 2, 2, 2, 0, 2, 2, 2,
        2, 2, 2, 2, 2, 2, 2, 2, 2, 2, 2, 2, 2, 2, 2, 2, 2, 2, 2, 2, 2, 1, 2, 2,
        2, 2, 2, 2, 2, 2, 2, 2, 2, 2, 2, 2, 2, 2, 2, 2, 2, 2, 0, 2, 2, 2, 0, 2,
        2, 2, 2, 2, 2, 2, 2, 2, 2, 2]), tensor([3, 1, 3, 3, 3, 0, 3, 2, 3, 0, 3, 0, 3, 3, 3, 3, 0, 3, 0, 3, 0, 1, 3, 1,
        3, 0, 1, 3, 0, 0, 4, 2, 3, 3, 0, 1, 3, 0, 1, 2, 3, 3, 3, 3, 3, 3, 3, 1,
        0, 2, 3, 0, 0, 2, 0, 3, 0, 3, 3, 0, 2, 2, 0, 3, 3, 3, 3, 3, 3, 0, 3, 3,
        1, 0, 0, 1, 3, 0, 1, 2, 3, 2, 3, 0, 3, 1, 0, 2, 0, 3, 3, 3, 0, 3, 0, 3,
        3, 1, 2, 0, 3, 3, 0, 2, 1, 3, 3, 3, 0, 4, 2, 3, 2, 3, 3, 4, 3, 0, 1, 1,
        0, 0, 1, 0, 0, 0, 1, 2, 1, 0]), tensor([0, 3, 0, 1, 3, 3, 3, 1, 1, 4, 0, 0, 0, 0, 1, 1, 0, 0, 3, 3, 0, 0, 3, 0,
        3, 0, 3, 3, 0, 0, 0, 4, 3, 0, 3, 0, 4, 0, 3, 3, 3, 0, 3, 3, 3, 3, 0, 0,
        0, 3, 0, 0, 3, 0, 1, 0, 3, 0, 3, 3, 0, 3, 1, 3, 0, 4, 3, 0, 4, 3, 4, 0,
        0, 0, 0, 3, 0, 0, 3, 0, 0, 0, 3, 3, 3, 0, 0, 0, 0, 0, 3, 0, 0, 4, 3, 0,
        0, 0, 3, 3, 0, 0, 0, 3, 3, 3, 3, 0, 0, 3, 0, 3, 3, 0, 3, 0, 1, 0, 4, 0,
        4, 3, 3, 3, 0, 0, 3, 0, 3, 0]), tensor([0, 0, 0, 3, 0, 3, 4, 3, 0, 0, 0, 3, 4, 3, 3, 0, 0, 3, 0, 4, 3, 0, 4, 0,
        0, 0, 3, 4, 3, 3, 3, 3, 0, 4, 0, 0, 0, 0, 3, 3, 0, 4, 0, 0, 0, 0, 3, 0,
        0, 0, 3, 0, 0, 0, 3, 0, 4, 1, 3, 0, 0, 0, 0, 0, 0, 3, 0, 3, 3, 0, 3, 3,
        3, 0, 0, 3, 0, 3, 3, 0, 0, 3, 0, 0, 3, 3, 0, 3, 0, 0, 0, 4, 0, 0, 0, 0,
        3, 0, 0, 1, 0, 0, 3, 0, 0, 0, 0, 3, 3, 3, 0, 0, 3, 1, 0, 3, 0, 0, 0, 0,
        4, 3, 3, 0, 0, 3, 0, 0, 0, 0]), tensor([1, 1, 1, 1, 1, 0, 0, 0, 3, 1, 1, 1, 3, 0, 0, 3, 0, 0, 1, 3, 0, 1, 0, 3,
        1, 0, 0, 0, 3, 0, 1, 1, 0, 3, 1, 3, 3, 0, 3, 1, 0, 1, 4, 3, 1, 0, 3, 3,
        3, 1, 1, 3, 0, 0, 1, 0, 1, 4, 1, 4, 1, 1, 0, 3, 1, 3, 0, 0, 0, 0, 0, 3,
        0, 0, 0, 4, 0, 3, 1, 4, 1, 0, 3, 1, 0, 0, 0, 0, 0, 4, 0, 1, 0, 3, 1, 1,
        1, 0, 3, 4, 0, 3, 0, 0, 1, 3, 0, 1, 0, 1, 1, 0, 0, 3, 3, 4, 0, 0, 3, 0,
        0, 1, 0, 1, 0, 0, 1, 0, 1, 0]), tensor([0, 3, 1, 1, 1, 1, 1, 1, 0, 0, 0, 0, 1, 0, 3, 0, 0, 0, 1, 1, 1, 0, 0, 1,
        0, 0, 0, 1, 1, 0, 1, 1, 1, 0, 0, 0, 0, 0, 1, 1, 1, 1, 0, 1, 0, 1, 3, 1,
        0, 0, 0, 4, 0, 1, 1, 0, 1, 0, 0, 0, 1, 0, 1, 0, 1, 1, 0, 1, 0, 1, 1, 1,
        0, 1, 0, 1, 1, 0, 1, 0, 1, 0, 1, 3, 1, 1, 3, 1, 1, 1, 1, 0, 1, 1, 1, 1,
        0, 0, 1, 1, 0, 1, 0, 1, 1, 0, 0, 0, 0, 0, 0, 1, 3, 3, 0, 0, 0, 1, 1, 0,
        1, 1, 0, 0, 0, 1, 1, 0, 1, 0]), tensor([0, 0, 1, 0, 1, 1, 1, 1, 0, 1, 1, 1, 0, 0, 0, 1, 0, 0, 0, 1, 1, 0, 1, 0,
        0, 0, 1, 1, 0, 1, 0, 1, 0, 1, 0, 1, 0, 1, 1, 1, 3, 1, 1, 3, 0, 1, 0, 1,
        3, 0, 0, 0, 1, 1, 1, 1, 1, 3, 0, 1, 1, 0, 1, 0, 1, 0, 1, 0, 1, 1, 0, 0,
        0, 0, 1, 0, 1, 0, 1, 0, 3, 0, 1, 0, 1, 1, 1, 1, 1, 0, 1, 0, 0, 1, 1, 1,
        0, 0, 0, 1, 1, 0, 0, 0, 1, 0, 0, 1, 1, 0, 1, 3, 0, 1, 1, 0, 0, 1, 1, 1,
        1, 0, 1, 0, 0, 0, 1, 0, 0, 0]), tensor([0, 0, 0, 0, 0, 3, 0, 0, 0, 0, 0, 0, 0, 0, 0, 1, 0, 1, 0, 0, 0, 0, 0, 3,
        0, 0, 0, 0, 0, 0, 0, 0, 1, 0, 0, 0, 0, 0, 0, 0, 0, 0, 0, 3, 0, 0, 1, 0,
        0, 0, 0, 3, 0, 0, 0, 1, 0, 0, 0, 0, 1, 0, 3, 0, 1, 1, 0, 0, 0, 3, 0, 0,
        0, 0, 3, 3, 1, 1, 0, 1, 0, 0, 0, 0, 1, 0, 1, 3, 0, 0, 0, 1, 1, 0, 0, 0,
        3, 1, 0, 1, 0, 3, 0, 0, 3, 0, 0, 0, 1, 0, 0, 0, 0, 0, 0, 0, 0, 0, 0, 1,
        0, 0, 0, 1, 3, 0, 0, 0, 0, 0]), tensor([1, 1, 1, 1, 0, 1, 1, 3, 0, 0, 0, 1, 0, 0, 0, 1, 1, 0, 1, 1, 0, 1, 0, 1,
        1, 0, 3, 0, 0, 1, 1, 0, 1, 0, 0, 0, 1, 1, 0, 1, 1, 1, 1, 0, 0, 1, 1, 1,
        0, 0, 1, 0, 0, 1, 3, 0, 0, 0, 0, 1, 0, 0, 1, 0, 1, 0, 0, 0, 1, 0, 0, 1,
        1, 1, 1, 0, 1, 1, 3, 1, 0, 0, 0, 1, 0, 3, 0, 0, 1, 3, 1, 3, 1, 0, 0, 1,
        1, 1, 0, 1, 0, 1, 1, 0, 0, 1, 0, 0, 1, 3, 1, 0, 0, 0, 1, 0, 3, 0, 1, 0,
        0, 3, 0, 0, 0, 0, 1, 1, 1, 1]), tensor([3, 1, 1, 1, 0, 0, 1, 1, 1, 0, 3, 0, 0, 1, 1, 0, 3, 3, 0, 0, 1, 1, 0, 0,
        0, 1, 1, 1, 1, 1, 1, 1, 1, 0, 1, 1, 0, 1, 1, 1, 0, 1, 1, 1, 3, 1, 1, 0,
        1, 1, 3, 1, 0, 0, 1, 1, 3, 1, 1, 1, 1, 1, 3, 1, 3, 1, 1, 1, 1, 1, 1, 1,
        3, 0, 1, 1, 1, 1, 3, 3, 1, 1, 0, 1, 1, 1, 0, 1, 0, 1, 1, 1, 3, 0, 3, 1,
        0, 1, 1, 1, 1, 0, 1, 1, 1, 1, 0, 3, 3, 1, 1, 3, 1, 3, 1, 0, 0, 1, 0, 1,
        1, 0, 3, 1, 0, 3, 0, 1, 1, 3]), tensor([3, 1, 1, 0, 0, 0, 3, 0, 3, 1, 0, 3, 1, 3, 1, 3, 1, 1, 0, 0, 1, 3, 3, 1,
        3, 1, 3, 3, 1, 3, 0, 1, 1, 3, 3, 3, 0, 1, 3, 3, 3, 0, 0, 0, 0, 0, 0, 1,
        3, 0, 3, 1, 3, 1, 3, 1, 0, 1, 1, 1, 0, 3, 0, 3, 1, 1, 3, 3, 3, 0, 1, 0,
        1, 0, 1, 3, 3, 0, 0, 0, 0, 1, 3, 1, 0, 1, 3, 3, 3, 0, 3, 3, 3, 1, 0, 0,
        0, 3, 1, 0, 1, 3, 3, 0, 0, 0, 0, 0, 1, 0, 1, 3, 3, 0, 1, 1, 0, 1, 1, 1,
        3, 3, 0, 0, 3, 3, 3, 0, 0, 0]), tensor([0, 0, 1, 1, 0, 0, 1, 0, 0, 0, 3, 0, 0, 1, 0, 0, 0, 0, 1, 0, 0, 0, 0, 1,
        0, 3, 0, 0, 3, 0, 1, 0, 0, 0, 0, 0, 0, 3, 0, 0, 3, 3, 1, 1, 0, 3, 0, 3,
        3, 1, 0, 1, 0, 0, 3, 0, 0, 0, 1, 3, 0, 0, 3, 3, 3, 0, 0, 0, 1, 0, 1, 3,
        0, 0, 1, 3, 0, 3, 0, 0, 1, 3, 0, 0, 0, 0, 0, 0, 0, 0, 0, 1, 0, 0, 0, 0,
        0, 3, 0, 3, 0, 3, 0, 0, 0, 3, 0, 0, 0, 0, 0, 0, 3, 0, 0, 0, 3, 0, 3, 3,
        1, 0, 0, 0, 0, 0, 3, 3, 0, 0]), tensor([1, 0, 3, 0, 3, 3, 0, 0, 0, 0, 3, 1, 3, 3, 3, 3, 3, 0, 0, 1, 0, 0, 0, 3,
        0, 0, 0, 0, 3, 1, 3, 0, 0, 1, 0, 3, 0, 0, 1, 0, 1, 3, 0, 0, 0, 0, 1, 0,
        0, 0, 0, 0, 0, 1, 1, 0, 0, 1, 3, 1, 0, 0, 0, 1, 3, 1, 1, 1, 0, 0, 0, 1,
        0, 0, 3, 0, 3, 0, 0, 0, 1, 1, 0, 0, 1, 0, 3, 0, 0, 1, 0, 3, 1, 1, 3, 0,
        3, 3, 3, 0, 0, 0, 0, 0, 3, 0, 1, 0, 0, 3, 3, 0, 0, 0, 0, 3, 3, 3, 1, 1,
        0, 0, 0, 0, 3, 3, 0, 0, 1, 0]), tensor([0, 0, 1, 0, 1, 0, 0, 0, 3, 0, 1, 0, 1, 0, 1, 3, 0, 1, 0, 1, 0, 1, 0, 0,
        0, 0, 0, 0, 0, 0, 0, 1, 0, 0, 0, 3, 1, 0, 0, 0, 1, 1, 0, 0, 0, 1, 0, 1,
        1, 1, 0, 0, 0, 1, 0, 1, 0, 3, 0, 0, 1, 0, 0, 1, 0, 1, 1, 0, 0, 0, 0, 0,
        3, 0, 0, 0, 1, 3, 1, 0, 1, 0, 0, 3, 0, 0, 0, 3, 0, 1, 1, 0, 3, 0, 0, 0,
        1, 0, 0, 1, 0, 1, 0, 0, 3, 0, 0, 0, 0, 0, 3, 1, 0, 0, 0, 1, 0, 1, 3, 0,
        0, 1, 0, 1, 0, 0, 1, 1, 3, 0]), tensor([0, 0, 0, 0, 0, 1, 0, 1, 0, 0, 0, 1, 1, 0, 0, 0, 0, 1, 0, 1, 3, 0, 2, 0,
        2, 0, 1, 0, 0, 3, 0, 1, 2, 0, 0, 0, 0, 0, 0, 1, 3, 0, 1, 1, 1, 0, 0, 1,
        0, 0, 0, 1, 0, 0, 3, 0, 1, 0, 0, 0, 0, 3, 0, 0, 1, 0, 2, 1, 0, 0, 1, 1,
        0, 1, 0, 0, 1, 0, 1, 0, 0, 0, 0, 0, 0, 1, 1, 3, 0, 0, 1, 0, 1, 1, 1, 1,
        1, 1, 0, 0, 1, 0, 0, 1, 0, 0, 0, 0, 1, 3, 0, 0, 0, 0, 1, 1, 0, 1, 0, 0,
        0, 0, 1, 1, 0, 1, 1, 3, 0, 0]), tensor([0, 0, 0, 0, 3, 1, 2, 0, 0, 1, 0, 2, 1, 0, 2, 0, 1, 1, 1, 1, 0, 2, 0, 0,
        2, 1, 2, 1, 2, 0, 3, 0, 0, 0, 0, 0, 0, 2, 2, 0, 1, 2, 2, 0, 0, 0, 1, 2,
        2, 0, 0, 0, 0, 2, 0, 0, 0, 0, 1, 0, 0, 0, 2, 0, 0, 0, 0, 2, 0, 0, 1, 1,
        0, 0, 2, 1, 2, 2, 2, 0, 0, 1, 3, 2, 1, 0, 1, 0, 0, 0, 0, 2, 0, 2, 0, 3,
        2, 1, 2, 2, 0, 0, 3, 0, 2, 0, 1, 2, 0, 3, 2, 0, 2, 2, 0, 0, 2, 1, 0, 1,
        1, 0, 0, 0, 1, 3, 2, 2, 0, 0]), tensor([0, 0, 0, 0, 0, 2, 0, 0, 3, 0, 0, 0, 0, 2, 0, 0, 0, 0, 0, 0, 0, 0, 0, 2,
        0, 2, 2, 0, 0, 0, 0, 0, 0, 0, 0, 0, 2, 0, 0, 0, 0, 0, 0, 0, 0, 0, 0, 0,
        0, 2, 0, 3, 0, 0, 0, 0, 0, 2, 0, 0, 2, 0, 2, 0, 0, 0, 0, 0, 1, 0, 0, 0,
        0, 2, 0, 0, 0, 0, 0, 0, 0, 0, 0, 2, 0, 0, 2, 0, 0, 0, 0, 2, 0, 0, 0, 0,
        0, 1, 0, 0, 2, 2, 2, 0, 2, 2, 0, 0, 0, 0, 0, 0, 0, 0, 2, 0, 2, 0, 0, 2,
        0, 2, 0, 0, 0, 0, 0, 0, 2, 0]), tensor([0, 0, 2, 0, 0, 0, 3, 0, 0, 0, 0, 0, 0, 2, 0, 2, 0, 0, 0, 3, 0, 0, 0, 0,
        0, 0, 0, 3, 0, 2, 0, 0, 0, 0, 0, 0, 0, 0, 2, 0, 0, 2, 0, 3, 0, 0, 0, 0,
        0, 0, 2, 0, 0, 0, 0, 0, 0, 0, 0, 2, 2, 3, 0, 0, 0, 0, 0, 0, 2, 0, 0, 0,
        2, 2, 2, 0, 1, 3, 0, 0, 1, 2, 0, 2, 0, 2, 2, 2, 2, 0, 2, 0, 0, 0, 0, 3,
        0, 2, 0, 0, 2, 0, 2, 0, 0, 0, 2, 0, 0, 0, 0, 3, 0, 2, 0, 0, 2, 1, 3, 0,
        0, 0, 2, 0, 0, 0, 0, 0, 0, 0]), tensor([0, 0, 2, 3, 0, 3, 3, 0, 0, 3, 3, 0, 3, 0, 0, 0, 0, 3, 2, 2, 0, 0, 0, 0,
        3, 3, 0, 0, 0, 3, 0, 3, 3, 2, 3, 0, 0, 0, 0, 0, 0, 0, 0, 0, 0, 0, 0, 0,
        0, 0, 0, 0, 2, 1, 3, 0, 0, 0, 0, 0, 3, 2, 0, 0, 0, 3, 2, 0, 0, 3, 3, 2,
        0, 3, 1, 0, 0, 0, 3, 3, 3, 0, 0, 0, 2, 0, 0, 3, 0, 3, 0, 0, 3, 0, 0, 0,
        2, 0, 0, 3, 2, 2, 3, 0, 0, 2, 3, 0, 0, 0, 0, 0, 0, 1, 3, 2, 0, 0, 0, 0,
        0, 3, 0, 3, 2, 0, 0, 0, 0, 0]), tensor([3, 3, 3, 0, 0, 3, 0, 0, 0, 3, 3, 0, 3, 0, 0, 0, 3, 0, 3, 0, 0, 0, 3, 0,
        0, 0, 0, 1, 0, 0, 3, 0, 0, 0, 0, 3, 0, 2, 3, 0, 0, 0, 3, 3, 0, 1, 3, 3,
        0, 0, 0, 1, 0, 2, 3, 0, 0, 1, 0, 0, 0, 1, 0, 0, 0, 0, 1, 3, 1, 3, 3, 0,
        0, 1, 0, 0, 0, 0, 0, 0, 3, 0, 3, 3, 0, 0, 0, 0, 0, 3, 2, 0, 0, 1, 3, 3,
        0, 3, 0, 0, 1, 0, 3, 1, 2, 0, 0, 3, 0, 0, 0, 3, 3, 0, 1, 0, 3, 3, 0, 0,
        0, 1, 0, 2, 1, 0, 3, 1, 0, 3]), tensor([3, 3, 0, 0, 0, 0, 0, 0, 3, 0, 3, 1, 1, 0, 1, 0, 0, 2, 3, 3, 1, 3, 0, 0,
        3, 0, 3, 0, 3, 1, 3, 0, 0, 3, 3, 0, 3, 1, 3, 3, 0, 3, 0, 1, 0, 3, 0, 0,
        0, 3, 3, 0, 3, 3, 0, 3, 0, 3, 0, 3, 0, 3, 0, 0, 3, 0, 3, 3, 0, 0, 3, 3,
        0, 0, 3, 3, 3, 0, 3, 3, 0, 0, 0, 3, 3, 0, 3, 0, 0, 3, 0, 0, 3, 3, 0, 3,
        0, 0, 1, 1, 3, 3, 0, 3, 3, 0, 0, 0, 3, 0, 3, 0, 3, 3, 3, 3, 3, 1, 3, 0,
        0, 1, 3, 3, 0, 0, 3, 0, 0, 3]), tensor([0, 0, 0, 0, 0, 0, 3, 3, 3, 0, 1, 3, 3, 0, 0, 3, 0, 3, 0, 1, 0, 0, 3, 0,
        3, 0, 0, 0, 3, 3, 3, 0, 3, 3, 0, 0, 0, 3, 1, 0, 0, 3, 0, 3, 3, 0, 3, 3,
        3, 0, 1, 3, 3, 0, 1, 0, 0, 0, 0, 0, 0, 0, 3, 3, 1, 0, 0, 3, 3, 0, 0, 1,
        1, 0, 3, 0, 1, 3, 3, 0, 3, 0, 1, 3, 0, 0, 0, 1, 0, 3, 3, 1, 0, 3, 0, 3,
        3, 0, 3, 3, 0, 3, 0, 3, 3, 3, 3, 3, 3, 0, 1, 3, 0, 0, 1, 3, 0, 0, 0, 0,
        0, 1, 1, 0, 3, 3, 0, 0, 1, 3]), tensor([0, 0, 0, 0, 0, 0, 1, 3, 0, 3, 1, 0, 3, 0, 3, 0, 1, 1, 3, 0, 1, 1, 0, 3,
        1, 1, 3, 0, 3, 0, 3, 1, 3, 0, 3, 1, 3, 3, 3, 3, 0, 3, 0, 1, 0, 3, 1, 0,
        0, 1, 1, 0, 0, 3, 3, 0, 1, 1, 3, 0, 3, 0, 0, 1, 1, 0, 0, 3, 3, 0, 3, 0,
        0, 1, 3, 0, 0, 3, 0, 3, 0, 3, 3, 3, 0, 0, 0, 0, 3, 3, 0, 0, 0, 0, 0, 3,
        3, 0, 0, 3, 1, 0, 0, 1, 3, 0, 0, 1, 3, 0, 3, 1, 3, 3, 0, 3, 0, 0, 1, 0,
        0, 3, 1, 0, 0, 0, 0, 3, 0, 0]), tensor([0, 1, 3, 0, 0, 0, 0, 0, 0, 0, 1, 3, 0, 0, 1, 0, 0, 0, 1, 0, 3, 0, 1, 0,
        0, 0, 0, 0, 0, 0, 0, 0, 0, 0, 0, 0, 0, 0, 1, 0, 3, 0, 0, 0, 1, 0, 0, 0,
        0, 0, 0, 0, 3, 0, 3, 0, 1, 0, 3, 0, 0, 0, 3, 0, 0, 1, 3, 0, 0, 1, 0, 1,
        1, 0, 0, 3, 1, 1, 0, 0, 3, 0, 0, 0, 0, 0, 1, 0, 0, 0, 0, 0, 0, 0, 0, 0,
        0, 0, 0, 1, 0, 0, 0, 3, 0, 0, 0, 1, 3, 0, 0, 0, 3, 0, 1, 0, 0, 0, 0, 0,
        0, 3, 3, 0, 3, 0, 3, 0, 0, 1]), tensor([0, 0, 0, 0, 0, 0, 1, 1, 0, 1, 0, 1, 1, 0, 0, 1, 0, 0, 3, 0, 0, 3, 0, 0,
        0, 0, 0, 1, 0, 0, 0, 0, 0, 0, 0, 0, 0, 0, 1, 0, 1, 0, 1, 0, 1, 0, 0, 3,
        0, 0, 0, 0, 0, 0, 1, 0, 0, 0, 1, 0, 3, 0, 1, 0, 1, 1, 1, 0, 0, 1, 1, 0,
        0, 3, 0, 1, 0, 0, 0, 0, 0, 1, 0, 0, 1, 0, 0, 0, 0, 0, 3, 1, 0, 0, 0, 0,
        0, 0, 0, 0, 0, 0, 1, 0, 0, 1, 1, 0, 1, 0, 1, 0, 1, 0, 0, 0, 0, 0, 1, 0,
        0, 0, 0, 0, 0, 0, 1, 0, 1, 0]), tensor([0, 0, 1, 0, 0, 1, 1, 0, 0, 0, 1, 0, 0, 0, 0, 0, 0, 0, 1, 0, 1, 0, 1, 0,
        0, 0, 0, 1, 0, 1, 1, 0, 1, 0, 1, 0, 0, 0, 0, 0, 0, 0, 1, 0, 1, 1, 0, 0,
        0, 0, 0, 1, 1, 0, 1, 1, 1, 1, 1, 1, 0, 0, 1, 0, 0, 0, 0, 0, 1, 1, 1, 1,
        0, 0, 0, 1, 3, 0, 0, 1, 0, 1, 0, 0, 1, 0, 0, 1, 0, 1, 0, 0, 0, 0, 0, 1,
        1, 1, 1, 1, 0, 0, 0, 1, 1, 0, 0, 0, 1, 1, 0, 0, 0, 1, 0, 0, 1, 1, 1, 0,
        0, 1, 0, 0, 0, 1, 1, 0, 0, 0]), tensor([0, 0, 0, 0, 0, 0, 0, 0, 0, 0, 0, 0, 0, 1, 0, 0, 1, 0, 1, 0, 0, 0, 1, 1,
        0, 1, 1, 0, 0, 3, 0, 1, 1, 0, 1, 1, 1, 1, 1, 1, 0, 0, 0, 0, 0, 0, 0, 1,
        0, 1, 0, 0, 0, 0, 1, 1, 0, 1, 0, 0, 1, 0, 1, 1, 0, 1, 1, 0, 1, 0, 0, 0,
        0, 3, 0, 1, 0, 1, 1, 1, 1, 0, 1, 0, 0, 0, 1, 0, 1, 0, 1, 0, 1, 0, 1, 1,
        0, 1, 1, 1, 0, 0, 1, 0, 0, 0, 1, 1, 0, 1, 1, 1, 0, 0, 1, 0, 1, 1, 1, 1,
        1, 0, 0, 0, 1, 1, 0, 1, 1, 1]), tensor([0, 1, 1, 0, 1, 0, 0, 0, 0, 1, 1, 0, 0, 0, 0, 0, 0, 0, 0, 0, 0, 0, 1, 1,
        0, 1, 0, 1, 0, 1, 1, 0, 1, 0, 0, 0, 0, 0, 0, 0, 1, 0, 0, 1, 0, 0, 0, 0,
        0, 1, 0, 0, 1, 0, 0, 0, 0, 0, 1, 1, 0, 0, 1, 0, 0, 0, 1, 0, 0, 0, 1, 0,
        0, 0, 0, 1, 0, 1, 0, 1, 1, 0, 0, 1, 0, 0, 1, 1, 0, 0, 0, 1, 1, 0, 0, 0,
        1, 0, 0, 1, 0, 0, 1, 0, 0, 0, 0, 0, 0, 0, 0, 1, 0, 1, 1, 1, 1, 0, 0, 0,
        3, 1, 0, 0, 0, 0, 1, 1, 0, 1]), tensor([3, 0, 0, 0, 0, 0, 1, 1, 0, 1, 0, 0, 1, 0, 0, 1, 1, 0, 0, 0, 0, 0, 0, 0,
        0, 0, 0, 0, 1, 1, 0, 0, 0, 0, 1, 0, 0, 1, 0, 0, 0, 3, 0, 0, 1, 1, 0, 0,
        0, 0, 0, 0, 0, 0, 0, 0, 0, 1, 1, 0, 0, 1, 0, 0, 0, 3, 0, 1, 0, 0, 1, 0,
        0, 1, 1, 0, 1, 0, 1, 1, 0, 1, 1, 0, 0, 0, 0, 0, 1, 0, 0, 1, 0, 0, 1, 0,
        0, 0, 0, 0, 1, 0, 1, 1, 0, 1, 0, 0, 0, 0, 0, 0, 0, 1, 0, 0, 0, 0, 1, 0,
        3, 0, 0, 0, 0, 1, 1, 0, 1, 0]), tensor([0, 0, 0, 0, 1, 0, 0, 0, 0, 1, 0, 0, 0, 0, 3, 0, 0, 0, 1, 0, 0, 1, 0, 0,
        0, 0, 3, 3, 0, 0, 0, 0, 0, 1, 0, 0, 0, 0, 1, 0, 1, 0, 0, 0, 0, 0, 0, 0,
        3, 0, 0, 0, 0, 0, 0, 0, 0, 3, 1, 0, 0, 0, 0, 1, 1, 0, 0, 0, 0, 1, 0, 0,
        0, 0, 0, 1, 0, 3, 0, 0, 0, 1, 0, 0, 0, 0, 1, 1, 1, 0, 1, 0, 0, 1, 0, 0,
        0, 0, 0, 0, 0, 0, 0, 0, 1, 0, 0, 0, 0, 0, 1, 1, 0, 0, 0, 1, 0, 0, 0, 0,
        0, 0, 0, 0, 0, 0, 1, 1, 0, 0]), tensor([1, 0, 0, 1, 0, 0, 0, 1, 1, 0, 0, 0, 1, 0, 3, 0, 1, 0, 0, 0, 3, 0, 1, 0,
        0, 0, 0, 1, 1, 0, 0, 0, 0, 0, 0, 0, 0, 1, 1, 0, 0, 0, 0, 0, 1, 0, 0, 1,
        0, 1, 0, 1, 0, 0, 0, 3, 1, 0, 1, 0, 1, 0, 1, 0, 1, 0, 0, 0, 0, 0, 0, 1,
        0, 0, 0, 1, 0, 0, 0, 1, 0, 0, 0, 1, 1, 0, 0, 0, 0, 0, 0, 0, 0, 0, 3, 0,
        1, 1, 1, 1, 0, 1, 0, 0, 0, 0, 3, 0, 0, 0, 0, 0, 0, 0, 0, 0, 0, 0, 0, 0,
        0, 1, 0, 0, 1, 0, 0, 1, 0, 1]), tensor([3, 1, 0, 1, 1, 1, 0, 3, 0, 0, 0, 0, 3, 0, 0, 3, 0, 3, 0, 1, 0, 0, 0, 3,
        0, 0, 1, 0, 0, 0, 0, 0, 0, 0, 1, 1, 1, 3, 3, 1, 3, 1, 0, 1, 0, 0, 3, 1,
        0, 0, 0, 3, 1, 0, 1, 0, 0, 0, 1, 0, 0, 0, 3, 0, 3, 3, 0, 0, 1, 0, 0, 0,
        0, 1, 0, 3, 0, 0, 0, 0, 0, 1, 0, 0, 0, 3, 3, 0, 3, 3, 3, 0, 1, 0, 0, 3,
        0, 0, 3, 0, 0, 1, 0, 0, 3, 1, 0, 1, 1, 0, 0, 1, 3, 0, 0, 0, 3, 0, 1, 0,
        0, 3, 1, 1, 0, 0, 0, 0, 0, 0]), tensor([1, 0, 0, 3, 0, 1, 3, 0, 0, 1, 3, 1, 1, 1, 0, 0, 0, 0, 0, 1, 0, 0, 3, 1,
        1, 3, 1, 1, 1, 1, 0, 0, 0, 0, 0, 0, 3, 0, 0, 0, 0, 0, 0, 1, 1, 0, 0, 3,
        1, 1, 3, 3, 1, 0, 1, 0, 3, 0, 0, 0, 1, 1, 0, 0, 0, 0, 0, 3, 1, 0, 1, 3,
        0, 1, 0, 0, 0, 1, 0, 1, 0, 0, 0, 0, 3, 1, 1, 0, 3, 3, 0, 0, 0, 3, 1, 3,
        0, 1, 0, 0, 3, 0, 3, 0, 1, 0, 0, 0, 0, 0, 0, 1, 0, 0, 0, 0, 0, 0, 0, 0,
        0, 3, 1, 1, 0, 3, 0, 1, 1, 3]), tensor([0, 0, 0, 1, 0, 0, 1, 3, 0, 0, 0, 1, 1, 0, 0, 1, 0, 0, 0, 0, 0, 0, 1, 3,
        3, 1, 0, 1, 3, 0, 0, 0, 3, 3, 1, 0, 3, 0, 0, 0, 0, 3, 0, 0, 1, 0, 0, 1,
        1, 0, 0, 1, 0, 0, 0, 3, 0, 0, 0, 1, 0, 0, 0, 3, 1, 0, 3, 0, 0, 0, 3, 0,
        0, 1, 0, 0, 3, 0, 3, 3, 0, 0, 1, 0, 0, 0, 0, 0, 0, 0, 0, 0, 0, 1, 0, 0,
        3, 0, 0, 0, 3, 0, 0, 0, 0, 0, 0, 0, 0, 0, 0, 3, 0, 0, 3, 1, 3, 0, 3, 0,
        1, 0, 0, 1, 0, 0, 3, 0, 0, 0]), tensor([0, 1, 0, 1, 1, 0, 1, 0, 0, 0, 0, 0, 0, 0, 0, 0, 0, 3, 0, 0, 3, 0, 1, 1,
        0, 0, 0, 0, 1, 0, 0, 3, 3, 0, 0, 0, 0, 0, 3, 0, 3, 1, 0, 0, 0, 0, 0, 0,
        0, 0, 1, 0, 1, 3, 0, 3, 0, 0, 0, 0, 1, 0, 0, 3, 3, 1, 0, 0, 0, 0, 0, 0,
        1, 0, 0, 3, 0, 0, 3, 0, 3, 0, 0, 3, 0, 0, 0, 0, 0, 1, 0, 0, 0, 0, 0, 1,
        0, 0, 0, 0, 1, 1, 0, 0, 1, 0, 0, 0, 0, 0, 3, 1, 0, 0, 1, 0, 0, 0, 0, 0,
        0, 0, 0, 1, 0, 0, 1, 0, 0, 0]), tensor([0, 0, 0, 0, 1, 0, 1, 0, 0, 1, 3, 3, 0, 1, 0, 0, 0, 0, 3, 0, 0, 0, 0, 0,
        0, 1, 0, 0, 0, 0, 0, 0, 3, 0, 0, 0, 0, 0, 3, 0, 0, 3, 0, 1, 1, 1, 0, 1,
        0, 0, 0, 0, 1, 1, 0, 0, 0, 0, 1, 0, 0, 0, 0, 0, 3, 0, 0, 0, 0, 1, 0, 0,
        0, 3, 0, 1, 0, 1, 0, 0, 1, 1, 3, 0, 3, 0, 0, 0, 1, 3, 0, 1, 0, 0, 0, 0,
        1, 0, 0, 0, 0, 0, 0, 1, 3, 0, 0, 0, 1, 0, 0, 1, 1, 1, 0, 0, 0, 0, 0, 0,
        0, 0, 0, 1, 0, 0, 0, 0, 0, 0]), tensor([0, 0, 1, 0, 0, 0, 0, 0, 0, 0, 1, 0, 0, 0, 0, 0, 0, 1, 0, 1, 0, 0, 1, 0,
        0, 3, 0, 3, 0, 0, 3, 0, 0, 3, 0, 3, 1, 3, 0, 0, 0, 3, 0, 0, 0, 1, 0, 3,
        0, 0, 0, 0, 0, 1, 3, 1, 1, 3, 0, 0, 1, 0, 0, 1, 0, 1, 0, 3, 1, 0, 0, 1,
        0, 1, 0, 3, 0, 1, 1, 0, 0, 0, 0, 0, 0, 0, 1, 1, 1, 0, 0, 1, 1, 0, 0, 1,
        0, 0, 0, 1, 3, 0, 3, 0, 0, 1, 1, 1, 0, 0, 0, 0, 0, 1, 1, 0, 1, 0, 0, 1,
        0, 0, 0, 0, 1, 0, 0, 0, 1, 1]), tensor([0, 0, 1, 1, 0, 0, 0, 0, 3, 0, 0, 0, 0, 1, 3, 0, 0, 1, 0, 1, 0, 0, 0, 3,
        3, 0, 0, 1, 0, 1, 1, 0, 0, 0, 3, 0, 1, 0, 1, 1, 0, 1, 0, 0, 1, 0, 0, 0,
        1, 0, 0, 0, 0, 0, 3, 0, 0, 0, 0, 0, 1, 0, 1, 3, 1, 1, 0, 0, 1, 0, 0, 0,
        0, 0, 1, 0, 1, 1, 0, 0, 0, 1, 0, 0, 0, 0, 0, 0, 0, 0, 1, 1, 0, 0, 1, 0,
        0, 0, 0, 0, 0, 0, 0, 0, 0, 0, 1, 0, 1, 3, 0, 0, 0, 0, 3, 3, 3, 3, 0, 1,
        1, 1, 1, 1, 0, 0, 1, 0, 0, 3]), tensor([0, 0, 0, 0, 0, 0, 1, 3, 0, 0, 0, 0, 0, 3, 0, 0, 3, 0, 0, 1, 0, 0, 0, 1,
        0, 0, 0, 0, 0, 0, 1, 0, 0, 0, 1, 1, 0, 1, 0, 0, 0, 0, 0, 0, 0, 0, 0, 0,
        0, 0, 1, 0, 1, 0, 0, 1, 0, 0, 0, 0, 0, 0, 0, 0, 0, 0, 0, 0, 1, 1, 0, 0,
        0, 0, 0, 0, 0, 0, 0, 0, 3, 0, 1, 0, 0, 1, 0, 0, 1, 0, 1, 0, 0, 1, 0, 0,
        3, 0, 0, 1, 1, 1, 1, 0, 0, 0, 0, 0, 0, 1, 0, 0, 1, 3, 0, 1, 0, 0, 0, 1,
        0, 0, 1, 1, 0, 0, 0, 1, 0, 1]), tensor([0, 3, 1, 0, 1, 0, 1, 0, 0, 0, 0, 3, 1, 0, 0, 3, 0, 0, 0, 0, 0, 0, 0, 0,
        0, 0, 0, 0, 3, 3, 0, 1, 0, 1, 0, 0, 0, 0, 1, 0, 0, 0, 0, 0, 0, 0, 0, 0,
        1, 0, 0, 0, 1, 0, 0, 1, 0, 0, 0, 0, 1, 1, 0, 0, 1, 0, 0, 0, 0, 1, 1, 1,
        0, 0, 0, 0, 0, 1, 0, 0, 0, 0, 1, 0, 0, 3, 0, 0, 0, 1, 0, 0, 0, 0, 0, 0,
        0, 0, 0, 0, 0, 0, 0, 0, 0, 0, 0, 0, 3, 0, 3, 1, 0, 1, 1, 0, 0, 1, 0, 1,
        0, 0, 0, 0, 0, 0, 0, 0, 0, 0]), tensor([0, 0, 1, 0, 1, 0, 0, 0, 0, 0, 0, 0, 0, 1, 0, 0, 0, 0, 0, 0, 0, 0, 0, 0,
        0, 0, 0, 0, 0, 0, 1, 0, 0, 0, 1, 0, 0, 0, 1, 1, 1, 0, 0, 0, 0, 1, 3, 0,
        0, 0, 0, 0, 1, 0, 0, 1, 0, 1, 0, 0, 0, 0, 0, 1, 0, 1, 0, 0, 0, 0, 0, 0,
        3, 0, 0, 0, 0, 0, 0, 0, 0, 0, 0, 0, 0, 1, 0, 0, 1, 1, 3, 0, 0, 0, 0, 3,
        0, 0, 0, 0, 3, 0, 3, 0, 0, 0, 0, 3, 0, 0, 0, 1, 1, 3, 0, 1, 0, 1, 1, 0,
        0, 0, 0, 0, 1, 0, 1, 1, 1, 0]), tensor([0, 0, 0, 0, 0, 0, 3, 0, 0, 0, 0, 0, 0, 0, 1, 0, 0, 0, 0, 0, 0, 0, 0, 0,
        0, 0, 0, 0, 1, 0, 0, 0, 0, 0, 0, 0, 1, 0, 0, 1, 0, 0, 0, 0, 0, 1, 0, 0,
        3, 0, 0, 1, 0, 0, 0, 0, 0, 0, 0, 0, 0, 1, 1, 3, 0, 0, 0, 0, 0, 1, 0, 0,
        0, 0, 0, 3, 0, 0, 0, 1, 0, 1, 0, 0, 0, 1, 1, 0, 1, 0, 0, 1, 3, 0, 1, 0,
        0, 0, 1, 0, 0, 0, 0, 0, 0, 0, 0, 0, 1, 0, 0, 0, 0, 1, 0, 0, 0, 0, 0, 0,
        0, 1, 0, 0, 0, 0, 0, 1, 0, 0]), tensor([0, 0, 0, 0, 3, 1, 0, 0, 0, 0, 0, 0, 0, 0, 0, 0, 0, 0, 0, 0, 0, 0, 0, 0,
        0, 1, 3, 0, 3, 0, 0, 0, 0, 0, 0, 0, 0, 0, 3, 1, 0, 0, 0, 0, 0, 1, 1, 0,
        0, 1, 0, 0, 0, 0, 0, 0, 0, 0, 0, 0, 1, 0, 1, 0, 1, 1, 3, 0, 1, 3, 0, 1,
        0, 1, 0, 0, 0, 1, 0, 0, 0, 3, 3, 0, 1, 0, 0, 1, 0, 0, 1, 1, 1, 0, 0, 0,
        0, 0, 1, 1, 0, 0, 0, 0, 0, 0, 0, 1, 0, 3, 1, 0, 1, 0, 0, 0, 0, 1, 0, 1,
        0, 1, 3, 0, 1, 0, 1, 1, 0, 0]), tensor([0, 0, 0, 0, 0, 0, 3, 1, 1, 0, 0, 0, 0, 1, 0, 0, 0, 0, 0, 0, 0, 0, 0, 1,
        0, 0, 0, 0, 0, 0, 0, 1, 0, 1, 0, 0, 0, 0, 1, 1, 0, 0, 0, 0, 0, 1, 0, 0,
        1, 3, 0, 0, 1, 0, 0, 0, 1, 0, 0, 0, 0, 3, 0, 0, 0, 1, 0, 1, 3, 1, 0, 0,
        1, 0, 0, 1, 0, 0, 0, 0, 1, 1, 1, 0, 0, 0, 1, 1, 3, 3, 0, 0, 0, 0, 0, 0,
        3, 1, 0, 0, 0, 0, 1, 0, 0, 0, 0, 1, 0, 0, 1, 0, 1, 1, 0, 0, 0, 0, 1, 3,
        0, 1, 0, 1, 3, 0, 0, 0, 0, 1]), tensor([0, 0, 1, 3, 0, 0, 1, 1, 1, 0, 0, 0, 0, 1, 0, 1, 1, 0, 0, 0, 0, 0, 0, 0,
        0, 0, 1, 0, 0, 0, 1, 0, 0, 1, 0, 1, 0, 0, 0, 1, 1, 1, 1, 0, 0, 0, 0, 1,
        0, 1, 0, 0, 0, 0, 3, 0, 0, 0, 0, 1, 1, 0, 0, 0, 1, 0, 0, 1, 0, 1, 1, 3,
        1, 0, 0, 0, 3, 3, 0, 0, 0, 0, 3, 1, 0, 1, 1, 3, 1, 0, 0, 0, 1, 1, 0, 0,
        1, 0, 3, 1, 0, 0, 0, 0, 0, 0, 0, 0, 0, 0, 1, 0, 0, 0, 1, 0, 0, 3, 0, 1,
        1, 1, 1, 3, 0, 0, 0, 0, 0, 1]), tensor([0, 0, 0, 3, 0, 1, 0, 0, 0, 0, 0, 0, 0, 0, 0, 1, 0, 0, 1, 3, 1, 0, 1, 0,
        0, 0, 1, 0, 1, 0, 0, 1, 1, 0, 0, 0, 1, 0, 0, 0, 0, 1, 0, 0, 0, 1, 1, 0,
        3, 0, 3, 3, 1, 0, 0, 0, 0, 1, 0, 3, 3, 0, 0, 0, 0, 0, 0, 0, 0, 0, 0, 0,
        0, 0, 0, 0, 1, 0, 3, 0, 0, 1, 0, 1, 0, 0, 1, 0, 0, 1, 0, 1, 0, 0, 0, 0,
        0, 0, 1, 0, 0, 0, 1, 0, 0, 0, 0, 0, 0, 1, 0, 0, 1, 0, 0, 1, 0, 0, 0, 1,
        1, 0, 1, 1, 1, 0, 0, 0, 1, 0]), tensor([0, 0, 1, 0, 0, 0, 0, 0, 0, 0, 0, 3, 0, 3, 0, 0, 1, 1, 0, 3, 0, 1, 0, 0,
        0, 0, 0, 0, 0, 0, 0, 0, 0, 0, 0, 3, 1, 0, 0, 0, 0, 0, 0, 0, 0, 0, 1, 0,
        0, 0, 0, 0, 0, 0, 0, 1, 0, 0, 0, 0, 0, 0, 0, 0, 0, 0, 0, 1, 0, 0, 0, 0,
        0, 0, 0, 0, 0, 0, 0, 0, 1, 0, 3, 0, 0, 0, 0, 1, 0, 0, 0, 0, 0, 0, 0, 1,
        0, 1, 0, 0, 0, 0, 0, 0, 3, 0, 0, 0, 0, 0, 0, 0, 0, 0, 0, 0, 0, 1, 0, 0,
        0, 1, 0, 1, 1, 0, 3, 0, 0, 0]), tensor([0, 1, 0, 0, 0, 1, 0, 0, 0, 0, 0, 0, 0, 1, 0, 0, 1, 0, 0, 0, 0, 0, 0, 0,
        0, 0, 0, 0, 0, 0, 0, 3, 0, 0, 0, 1, 0, 0, 0, 0, 0, 3, 1, 0, 0, 0, 0, 0,
        0, 0, 0, 0, 0, 0, 0, 0, 0, 0, 0, 1, 0, 0, 1, 0, 0, 0, 1, 0, 0, 1, 0, 0,
        0, 0, 0, 0, 0, 0, 0, 3, 0, 0, 1, 0, 0, 0, 0, 0, 0, 0, 0, 0, 0, 0, 0, 0,
        0, 3, 1, 0, 0, 0, 0, 0, 1, 1, 3, 0, 0, 0, 0, 0, 0, 0, 0, 0, 0, 0, 0, 0,
        0, 0, 0, 0, 3, 0, 0, 3, 0, 0]), tensor([0, 0, 0, 0, 0, 0, 0, 0, 0, 1, 1, 0, 0, 0, 0, 0, 0, 0, 1, 0, 0, 0, 0, 0,
        0, 0, 0, 0, 0, 0, 0, 0, 0, 1, 1, 0, 0, 0, 0, 0, 0, 0, 1, 0, 0, 0, 0, 1,
        0, 3, 0, 0, 1, 1, 1, 1, 0, 3, 0, 3, 0, 0, 0, 0, 0, 0, 1, 0, 0, 0, 0, 0,
        1, 0, 1, 1, 0, 0, 0, 0, 0, 0, 0, 0, 0, 0, 0, 3, 3, 0, 1, 0, 0, 0, 0, 0,
        1, 1, 3, 0, 0, 0, 0, 1, 0, 0, 1, 0, 0, 0, 0, 0, 0, 3, 1, 0, 0, 0, 0, 0,
        0, 1, 3, 0, 0, 0, 0, 0, 0, 0]), tensor([0, 1, 3, 0, 0, 0, 1, 1, 0, 0, 0, 0, 0, 1, 0, 0, 1, 1, 1, 1, 3, 0, 0, 1,
        0, 0, 0, 0, 0, 0, 0, 0, 0, 0, 1, 0, 0, 0, 0, 1, 0, 0, 0, 0, 1, 0, 0, 0,
        3, 0, 0, 1, 0, 0, 0, 0, 0, 1, 0, 0, 0, 0, 0, 0, 1, 1, 0, 1, 0, 0, 0, 1,
        0, 3, 3, 0, 0, 1, 0, 1, 0, 1, 1, 0, 1, 0, 0, 0, 1, 0, 1, 0, 0, 0, 0, 0,
        1, 0, 0, 1, 0, 0, 0, 0, 0, 0, 1, 0, 0, 0, 1, 0, 3, 1, 1, 1, 0, 0, 1, 1,
        0, 0, 0, 0, 0, 0, 0, 0, 0, 0]), tensor([0, 0, 0, 0, 0, 1, 1, 1, 0, 0, 1, 0, 1, 1, 0, 3, 0, 3, 0, 0, 1, 3, 0, 0,
        0, 0, 0, 0, 0, 0, 0, 1, 3, 0, 0, 1, 1, 1, 1, 3, 1, 0, 1, 0, 0, 0, 3, 0,
        0, 0, 0, 1, 0, 0, 0, 1, 1, 0, 0, 1, 0, 0, 0, 0, 0, 0, 0, 0, 0, 0, 0, 0,
        1, 0, 3, 0, 3, 1, 0, 1, 1, 0, 0, 1, 1, 0, 0, 0, 0, 0, 1, 1, 3, 1, 0, 0,
        1, 0, 0, 0, 1, 0, 0, 0, 0, 0, 0, 0, 0, 0, 1, 0, 0, 0, 0, 1, 0, 1, 1, 1,
        0, 0, 1, 0, 0, 0, 0, 0, 0, 0]), tensor([0, 0, 0, 0, 0, 0, 0, 1, 0, 0, 0, 0, 0, 1, 0, 0, 0, 1, 0, 0, 0, 0, 1, 0,
        0, 0, 0, 1, 0, 0, 0, 0, 1, 1, 0, 0, 0, 0, 1, 1, 1, 0, 1, 1, 0, 0, 0, 0,
        1, 0, 0, 0, 1, 0, 0, 3, 1, 0, 0, 0, 1, 3, 0, 0, 0, 0, 0, 0, 0, 0, 0, 3,
        0, 0, 0, 0, 0, 1, 0, 0, 0, 0, 0, 0, 0, 1, 0, 0, 0, 1, 1, 0, 0, 1, 0, 1,
        0, 0, 1, 1, 0, 0, 0, 0, 1, 0, 0, 0, 1, 0, 0, 0, 1, 0, 0, 0, 1, 3, 0, 1,
        1, 1, 0, 0, 0, 0, 0, 1, 0, 0]), tensor([0, 0, 0, 0, 0, 3, 1, 0, 0, 1, 0, 1, 3, 0, 0, 0, 0, 1, 0, 0, 0, 0, 0, 0,
        0, 0, 0, 0, 0, 0, 1, 1, 0, 0, 0, 0, 0, 0, 0, 0, 0, 0, 0, 0, 3, 0, 0, 0,
        0, 0, 0, 0, 0, 0, 0, 0, 0, 0, 0, 0, 0, 0, 1, 0, 1, 0, 0, 0, 1, 0, 0, 0,
        1, 0, 1, 0, 0, 0, 0, 1, 0, 0, 0, 0, 0, 0, 0, 0, 0, 0, 0, 3, 1, 0, 0, 0,
        0, 0, 0, 0, 0, 0, 0, 1, 0, 0, 0, 0, 0, 1, 0, 1, 0, 0, 0, 0, 1, 0, 0, 0,
        0, 0, 0, 0, 0, 0, 0, 0, 3, 0]), tensor([0, 0, 0, 1, 0, 1, 0, 0, 0, 0, 0, 0, 0, 0, 3, 1, 0, 0, 0, 0, 0, 0, 0, 0,
        0, 1, 3, 0, 0, 3, 1, 0, 0, 0, 0, 0, 0, 1, 0, 0, 0, 0, 0, 1, 1, 1, 0, 0,
        0, 0, 0, 0, 0, 0, 0, 0, 1, 0, 3, 0, 0, 0, 0, 0, 0, 0, 0, 1, 0, 1, 0, 3,
        0, 0, 1, 0, 0, 0, 1, 1, 0, 0, 1, 0, 0, 0, 0, 1, 0, 0, 0, 0, 3, 1, 0, 0,
        0, 0, 0, 0, 0, 0, 0, 0, 0, 0, 0, 1, 0, 0, 1, 0, 0, 0, 0, 0, 0, 0, 0, 0,
        0, 0, 0, 1, 1, 0, 0, 0, 0, 0]), tensor([0, 0, 0, 0, 0, 0, 0, 0, 0, 1, 3, 1, 1, 0, 0, 1, 0, 1, 1, 0, 0, 0, 1, 0,
        1, 0, 1, 1, 1, 1, 1, 0, 0, 0, 0, 0, 0, 0, 0, 0, 0, 0, 0, 0, 0, 0, 0, 1,
        1, 0, 0, 0, 1, 0, 0, 0, 0, 1, 0, 1, 0, 1, 0, 0, 1, 0, 0, 1, 0, 0, 0, 0,
        0, 0, 3, 0, 0, 0, 1, 0, 0, 0, 0, 0, 0, 0, 0, 0, 0, 0, 0, 0, 0, 0, 0, 1,
        0, 1, 0, 0, 0, 0, 0, 0, 0, 0, 1, 0, 1, 0, 0, 1, 0, 0, 1, 0, 0, 0, 0, 3,
        0, 0, 1, 0, 1, 1, 0, 1, 0, 0]), tensor([0, 0, 1, 0, 0, 0, 1, 0, 0, 3, 0, 0, 3, 0, 0, 1, 0, 0, 1, 1, 0, 1, 3, 0,
        1, 1, 0, 1, 0, 0, 1, 0, 0, 0, 1, 3, 0, 0, 1, 1, 1, 0, 3, 1, 1, 0, 1, 0,
        0, 1, 1, 0, 3, 1, 0, 0, 0, 1, 1, 1, 3, 0, 1, 0, 1, 1, 0, 1, 1, 0, 0, 1,
        0, 1, 0, 0, 0, 0, 0, 0, 1, 1, 0, 0, 0, 0, 0, 1, 0, 0, 0, 0, 0, 1, 0, 3,
        1, 1, 1, 0, 1, 3, 0, 1, 1, 1, 1, 0, 0, 0, 0, 1, 0, 0, 0, 0, 1, 0, 0, 1,
        0, 0, 0, 1, 0, 1, 1, 0, 1, 0]), tensor([0, 1, 1, 0, 0, 3, 0, 0, 0, 0, 0, 0, 1, 0, 0, 0, 1, 0, 0, 0, 0, 1, 1, 0,
        0, 0, 0, 1, 1, 3, 1, 3, 3, 0, 1, 3, 0, 3, 0, 1, 0, 1, 1, 3, 0, 0, 1, 1,
        0, 0, 3, 1, 0, 1, 0, 1, 0, 0, 0, 0, 3, 1, 1, 0, 0, 0, 3, 0, 1, 0, 0, 1,
        1, 0, 0, 0, 0, 1, 0, 0, 0, 1, 0, 0, 1, 1, 1, 0, 0, 0, 1, 0, 3, 0, 0, 1,
        0, 0, 3, 1, 0, 1, 0, 0, 0, 0, 0, 0, 0, 0, 0, 0, 0, 0, 1, 0, 0, 0, 1, 0,
        0, 1, 0, 3, 0, 1, 0, 1, 0, 0]), tensor([0, 0, 0, 1, 0, 0, 0, 0, 1, 1, 0, 0, 0, 0, 0, 0, 3, 0, 0, 0, 0, 0, 1, 0,
        0, 0, 0, 0, 0, 0, 0, 0, 0, 0, 0, 0, 3, 0, 0, 0, 0, 0, 1, 0, 0, 0, 0, 0,
        0, 0, 0, 1, 0, 0, 0, 0, 0, 1, 0, 1, 0, 0, 0, 0, 3, 0, 1, 1, 0, 0, 1, 0,
        0, 0, 0, 3, 0, 3, 0, 0, 0, 0, 1, 0, 1, 0, 0, 0, 0, 0, 0, 0, 0, 0, 0, 0,
        3, 1, 0, 0, 0, 0, 0, 0, 0, 0, 0, 0, 0, 1, 0, 0, 1, 1, 0, 0, 0, 0, 0, 0,
        1, 0, 0, 1, 3, 0, 0, 3, 0, 0]), tensor([0, 3, 0, 0, 3, 0, 3, 0, 0, 0, 0, 0, 0, 1, 0, 3, 0, 0, 0, 0, 0, 0, 0, 0,
        1, 0, 3, 0, 3, 0, 0, 0, 0, 0, 1, 0, 0, 1, 0, 0, 0, 3, 0, 0, 0, 0, 0, 0,
        3, 3, 0, 0, 3, 0, 1, 0, 0, 0, 1, 1, 0, 3, 0, 3, 0, 0, 3, 0, 3, 0, 0, 1,
        0, 0, 0, 1, 3, 1, 0, 0, 0, 0, 0, 0, 0, 0, 3, 0, 1, 0, 0, 0, 0, 0, 1, 0,
        0, 0, 0, 0, 0, 0, 0, 0, 0, 0, 3, 0, 1, 3, 0, 0, 0, 1, 0, 0, 3, 0, 0, 1,
        0, 0, 0, 0, 0, 0, 0, 0, 3, 0]), tensor([1, 0, 0, 1, 1, 0, 0, 3, 1, 1, 0, 1, 0, 1, 0, 1, 0, 1, 0, 3, 1, 0, 1, 3,
        0, 0, 0, 0, 0, 0, 3, 3, 3, 0, 3, 0, 0, 1, 0, 0, 0, 0, 3, 0, 0, 0, 0, 3,
        1, 3, 1, 0, 0, 0, 0, 1, 1, 0, 1, 0, 3, 3, 1, 0, 0, 0, 0, 1, 0, 1, 0, 3,
        0, 1, 3, 1, 0, 0, 1, 3, 0, 0, 3, 1, 0, 1, 1, 0, 0, 0, 0, 0, 0, 3, 0, 0,
        3, 1, 0, 0, 1, 3, 1, 3, 1, 0, 0, 0, 0, 0, 3, 0, 1, 0, 3, 1, 0, 0, 0, 0,
        0, 3, 0, 0, 3, 1, 1, 1, 1, 0]), tensor([0, 1, 1, 0, 0, 0, 0, 0, 1, 0, 1, 1, 0, 3, 0, 3, 0, 1, 1, 0, 0, 0, 0, 0,
        0, 1, 1, 3, 1, 0, 1, 1, 1, 0, 0, 1, 0, 0, 1, 0, 1, 1, 3, 1, 1, 1, 1, 1,
        3, 3, 0, 1, 0, 1, 0, 1, 3, 3, 3, 3, 3, 0, 1, 1, 1, 1, 3, 0, 0, 0, 0, 0,
        0, 1, 0, 1, 1, 0, 1, 1, 0, 1, 0, 0, 3, 0, 0, 0, 1, 0, 1, 1, 1, 1, 0, 0,
        1, 0, 1, 1, 0, 0, 1, 1, 0, 0, 0, 0, 3, 1, 1, 1, 1, 1, 1, 0, 1, 0, 1, 0,
        1, 0, 3, 1, 0, 1, 0, 1, 3, 0]), tensor([0, 0, 0, 0, 0, 0, 0, 0, 0, 1, 0, 1, 0, 1, 0, 0, 0, 0, 0, 1, 0, 3, 1, 0,
        0, 0, 0, 0, 1, 0, 0, 0, 1, 0, 0, 0, 0, 0, 0, 0, 1, 0, 0, 1, 1, 0, 0, 0,
        0, 1, 1, 0, 0, 0, 3, 0, 0, 1, 1, 0, 0, 0, 0, 0, 0, 1, 0, 3, 0, 3, 0, 0,
        0, 1, 1, 0, 0, 3, 0, 0, 0, 1, 0, 0, 0, 1, 1, 1, 1, 0, 0, 0, 0, 0, 0, 0,
        0, 0, 0, 0, 1, 0, 1, 3, 0, 1, 0, 3, 3, 1, 0, 0, 0, 1, 0, 0, 0, 3, 0, 0,
        0, 0, 0, 0, 1, 0, 0, 0, 0, 0]), tensor([0, 0, 0, 0, 0, 0, 0, 0, 0, 0, 0, 0, 0, 0, 0, 0, 0, 0, 1, 0, 0, 0, 0, 0,
        0, 0, 0, 0, 0, 0, 0, 0, 0, 1, 1, 0, 1, 0, 0, 0, 0, 0, 0, 0, 0, 0, 0, 1,
        0, 0, 0, 0, 0, 1, 0, 0, 3, 0, 0, 0, 0, 0, 0, 0, 3, 0, 0, 0, 0, 1, 0, 0,
        0, 3, 0, 0, 0, 0, 0, 0, 0, 1, 0, 1, 0, 1, 0, 1, 0, 3, 0, 0, 0, 1, 0, 0,
        0, 0, 0, 0, 0, 0, 0, 0, 0, 0, 1, 1, 0, 1, 0, 0, 0, 0, 0, 0, 0, 0, 0, 1,
        1, 0, 0, 0, 0, 0, 0, 0, 0, 0]), tensor([1, 0, 0, 0, 0, 3, 1, 0, 0, 0, 0, 0, 0, 0, 3, 0, 0, 0, 0, 1, 0, 1, 0, 0,
        0, 3, 0, 3, 0, 0, 1, 1, 0, 0, 0, 0, 0, 0, 0, 0, 0, 0, 0, 0, 0, 0, 0, 1,
        1, 1, 0, 0, 0, 0, 0, 0, 0, 0, 3, 0, 0, 0, 3, 1, 3, 1, 0, 0, 3, 0, 0, 1,
        3, 0, 1, 0, 1, 1, 0, 0, 1, 0, 0, 1, 3, 0, 0, 0, 0, 0, 0, 3, 0, 0, 1, 0,
        0, 0, 0, 0, 0, 0, 0, 0, 0, 0, 0, 1, 0, 1, 0, 0, 0, 0, 0, 0, 0, 0, 0, 0,
        0, 0, 0, 0, 0, 1, 0, 0, 0, 0]), tensor([0, 0, 0, 0, 1, 3, 0, 0, 0, 0, 1, 0, 0, 3, 0, 0, 0, 0, 0, 0, 1, 0, 0, 0,
        0, 0, 0, 0, 1, 0, 0, 0, 0, 1, 1, 0, 0, 0, 0, 1, 0, 0, 1, 0, 1, 1, 1, 1,
        0, 0, 1, 1, 3, 0, 0, 0, 0, 0, 1, 0, 1, 1, 0, 0, 0, 0, 1, 0, 0, 0, 0, 0,
        0, 0, 1, 0, 1, 3, 1, 0, 0, 0, 0, 0, 0, 0, 0, 0, 0, 0, 0, 0, 0, 0, 1, 0,
        1, 0, 0, 0, 1, 0, 1, 1, 3, 0, 3, 3, 0, 3, 0, 0, 0, 0, 0, 0, 0, 0, 0, 0,
        0, 3, 0, 0, 0, 0, 0, 1, 1, 0]), tensor([3, 0, 0, 0, 1, 1, 0, 0, 0, 1, 0, 0, 1, 1, 0, 0, 0, 0, 0, 1, 1, 0, 0, 0,
        0, 1, 0, 0, 0, 1, 3, 3, 3, 1, 1, 1, 1, 0, 0, 0, 0, 0, 0, 0, 0, 1, 1, 0,
        3, 3, 0, 0, 1, 1, 0, 3, 1, 1, 0, 0, 0, 1, 0, 1, 1, 1, 1, 1, 1, 0, 1, 1,
        3, 0, 1, 0, 1, 0, 0, 0, 0, 1, 0, 1, 0, 0, 1, 0, 1, 1, 1, 0, 1, 3, 0, 0,
        1, 1, 0, 1, 1, 0, 0, 1, 0, 0, 0, 0, 1, 0, 1, 0, 0, 0, 0, 3, 1, 0, 1, 1,
        3, 0, 1, 0, 1, 1, 0, 0, 1, 0]), tensor([0, 0, 0, 0, 0, 1, 0, 0, 0, 0, 1, 0, 1, 3, 0, 0, 0, 1, 1, 0, 1, 1, 0, 1,
        0, 0, 0, 3, 0, 0, 0, 0, 3, 0, 0, 1, 1, 0, 1, 0, 1, 0, 1, 1, 0, 0, 0, 0,
        1, 1, 0, 1, 0, 0, 0, 1, 1, 0, 0, 0, 0, 0, 1, 0, 1, 0, 1, 0, 0, 3, 0, 0,
        0, 1, 0, 1, 0, 1, 1, 0, 1, 0, 0, 0, 0, 1, 0, 0, 0, 0, 1, 0, 1, 0, 0, 0,
        0, 0, 0, 0, 0, 0, 1, 0, 0, 1, 0, 0, 0, 0, 1, 0, 0, 0, 1, 0, 0, 0, 0, 3,
        0, 1, 1, 0, 0, 0, 0, 0, 0, 0]), tensor([0, 0, 0, 0, 0, 0, 0, 1, 0, 0, 0, 0, 0, 0, 0, 0, 0, 1, 0, 3, 0, 0, 0, 0,
        0, 0, 0, 0, 1, 1, 3, 0, 0, 0, 0, 0, 0, 0, 0, 0, 0, 0, 0, 0, 1, 0, 0, 0,
        0, 0, 0, 0, 1, 0, 0, 0, 0, 0, 0, 0, 0, 0, 0, 1, 0, 0, 0, 0, 0, 0, 0, 0,
        0, 0, 0, 0, 0, 1, 0, 0, 0, 0, 1, 0, 0, 0, 0, 0, 1, 0, 0, 0, 0, 0, 0, 0,
        0, 0, 0, 0, 0, 0, 0, 0, 0, 0, 0, 0, 0, 0, 1, 0, 0, 0, 0, 0, 0, 0, 0, 0,
        0, 0, 0, 0, 1, 0, 1, 0, 1, 0]), tensor([0, 1, 0, 0, 0, 0, 0, 0, 1, 0, 0, 0, 0, 0, 0, 0, 0, 0, 0, 3, 0, 0, 0, 1,
        0, 0, 0, 0, 0, 0, 0, 3, 0, 0, 0, 0, 0, 0, 0, 0, 0, 0, 1, 0, 0, 0, 0, 0,
        0, 0, 0, 0, 0, 0, 0, 0, 0, 0, 0, 0, 0, 0, 0, 0, 0, 3, 0, 1, 0, 0, 0, 0,
        0, 0, 0, 0, 0, 0, 0, 0, 0, 0, 0, 1, 0, 0, 0, 0, 1, 0, 0, 1, 3, 0, 0, 0,
        0, 0, 0, 0, 0, 0, 0, 0, 0, 0, 0, 0, 0, 1, 0, 0, 3, 0, 0, 0, 0, 1, 0, 1,
        0, 3, 0, 0, 0, 0, 1, 0, 0, 1]), tensor([1, 1, 0, 0, 0, 3, 1, 0, 0, 1, 1, 0, 0, 0, 0, 0, 0, 0, 0, 0, 1, 0, 0, 0,
        0, 0, 1, 1, 0, 0, 1, 0, 1, 0, 0, 0, 0, 0, 0, 0, 0, 0, 1, 0, 1, 0, 0, 0,
        0, 3, 0, 0, 1, 0, 1, 0, 1, 0, 0, 0, 0, 0, 0, 0, 0, 0, 0, 0, 0, 1, 0, 0,
        0, 1, 0, 0, 0, 1, 0, 0, 0, 0, 0, 0, 0, 0, 0, 1, 0, 1, 0, 1, 0, 0, 1, 0,
        0, 0, 3, 0, 0, 1, 0, 0, 0, 0, 1, 0, 0, 0, 0, 0, 0, 0, 1, 1, 0, 0, 0, 0,
        0, 0, 0, 0, 3, 0, 0, 0, 0, 0]), tensor([0, 1, 0, 0, 0, 0, 0, 0, 0, 0, 0, 0, 0, 0, 0, 0, 3, 0, 3, 0, 0, 0, 0, 1,
        1, 0, 1, 3, 1, 0, 0, 0, 0, 1, 1, 0, 0, 0, 1, 1, 1, 0, 0, 0, 0, 1, 0, 0,
        0, 0, 0, 0, 0, 3, 3, 1, 1, 0, 1, 1, 0, 1, 1, 0, 0, 0, 3, 1, 3, 0, 1, 0,
        1, 0, 1, 0, 0, 1, 0, 1, 1, 0, 0, 0, 1, 0, 0, 0, 1, 0, 0, 0, 0, 0, 0, 0,
        0, 0, 0, 0, 0, 0, 1, 1, 0, 0, 1, 0, 1, 0, 0, 1, 0, 0, 0, 0, 0, 0, 0, 0,
        0, 0, 0, 0, 0, 0, 0, 0, 0, 0]), tensor([1, 0, 0, 0, 1, 0, 0, 1, 0, 0, 0, 0, 0, 0, 0, 1, 1, 1, 3, 0, 0, 0, 1, 0,
        0, 1, 0, 3, 0, 0, 1, 0, 1, 0, 0, 0, 0, 0, 0, 0, 0, 0, 0, 0, 0, 1, 0, 0,
        0, 0, 1, 0, 1, 0, 0, 0, 1, 0, 1, 0, 0, 1, 0, 0, 1, 1, 0, 0, 1, 1, 0, 0,
        1, 0, 0, 0, 1, 0, 0, 1, 1, 1, 0, 0, 1, 0, 0, 0, 0, 0, 1, 0, 1, 1, 0, 0,
        0, 0, 0, 1, 1, 0, 0, 0, 0, 0, 1, 3, 0, 1, 0, 0, 0, 0, 1, 0, 0, 0, 0, 0,
        0, 0, 0, 3, 0, 0, 0, 0, 0, 1]), tensor([0, 0, 0, 0, 0, 0, 0, 1, 0, 0, 1, 1, 0, 0, 1, 1, 0, 0, 3, 0, 0, 0, 0, 1,
        1, 0, 1, 1, 3, 0, 1, 1, 0, 1, 0, 0, 1, 1, 1, 0, 0, 1, 1, 1, 0, 0, 0, 0,
        0, 1, 0, 3, 1, 1, 0, 0, 0, 0, 0, 0, 0, 0, 0, 0, 1, 1, 0, 0, 1, 0, 0, 0,
        0, 0, 0, 0, 0, 0, 1, 3, 1, 0, 0, 1, 1, 0, 0, 1, 0, 0, 0, 0, 0, 0, 0, 0,
        0, 0, 0, 0, 1, 0, 0, 1, 0, 1, 0, 1, 0, 0, 0, 1, 0, 0, 1, 3, 0, 0, 1, 0,
        0, 0, 0, 1, 0, 0, 1, 0, 0, 0]), tensor([0, 0, 1, 0, 0, 0, 1, 1, 0, 0, 0, 0, 0, 0, 0, 0, 0, 0, 0, 0, 0, 0, 0, 0,
        0, 1, 0, 0, 0, 1, 0, 0, 0, 0, 0, 0, 0, 1, 0, 0, 0, 1, 0, 1, 0, 0, 1, 0,
        1, 0, 0, 0, 1, 0, 1, 0, 0, 1, 1, 0, 0, 0, 0, 0, 0, 1, 0, 0, 0, 0, 0, 0,
        0, 0, 0, 0, 0, 0, 0, 0, 1, 0, 1, 0, 1, 1, 0, 0, 0, 1, 0, 0, 0, 0, 1, 0,
        1, 0, 0, 1, 1, 0, 0, 0, 0, 0, 0, 1, 0, 0, 1, 0, 0, 1, 0, 0, 0, 0, 0, 0,
        0, 0, 1, 0, 0, 0, 0, 0, 0, 1])]
class loss: [1.6072379350662231, 1194964.625, 942.7848510742188, 1.5954539775848389, 1.6000359058380127, 4.695240020751953, 10.001914978027344, 13.621551513671875, 4.172669410705566, 4.162176609039307, 5.394848823547363, 7.407768726348877, 7.968795299530029, 4.873271465301514, 2.8152663707733154, 2.225421905517578, 2.6267504692077637, 2.880460262298584, 2.3911333084106445, 2.4824678897857666, 2.449216604232788, 2.5706913471221924, 2.8092503547668457, 2.218975782394409, 2.114708423614502, 2.255274534225464, 2.138707399368286, 1.8574202060699463, 1.7560325860977173, 1.8435698747634888, 1.8268113136291504, 1.7950243949890137, 1.9649827480316162, 1.9509608745574951, 1.8500581979751587, 1.7300678491592407, 1.6569308042526245, 1.6966743469238281, 1.6051970720291138, 1.6326014995574951, 1.5946362018585205, 1.5920692682266235, 1.6603678464889526, 1.6634958982467651, 1.5794950723648071, 1.5087400674819946, 1.5742138624191284, 1.5978516340255737, 1.5320481061935425, 1.5233277082443237, 1.5384278297424316, 1.5052858591079712, 1.5128651857376099, 1.5210331678390503, 1.545596957206726, 1.5092624425888062, 1.509809970855713, 1.507149338722229, 1.538834810256958, 1.5277838706970215, 1.4987820386886597, 1.538539171218872, 1.6030662059783936, 1.583248257637024, 1.4895588159561157, 1.5039050579071045, 1.5127052068710327, 1.5481592416763306, 1.488521933555603, 1.540553331375122, 1.5663704872131348, 1.528048038482666, 1.5413260459899902, 1.4847517013549805, 1.542860746383667, 1.4784506559371948, 1.5127617120742798, 1.4670991897583008, 1.4638198614120483, 1.5284165143966675, 1.456878662109375, 1.5552334785461426, 1.507944107055664, 1.5254580974578857, 1.5225319862365723, 1.4600465297698975, 1.5556212663650513, 1.5395797491073608, 1.561932921409607, 1.5551115274429321, 1.489219069480896, 1.572943091392517, 1.54591703414917, 1.4762388467788696, 1.4882134199142456, 1.5103225708007812, 1.553968071937561, 1.5040253400802612, 1.538389801979065, 1.557008981704712]
box loss: [226.31146240234375, 9560175.0, 223.42401123046875, 226.2865753173828, 226.1906280517578, 214.71401977539062, 165.61935424804688, 169.22637939453125, 129.7042694091797, 136.345458984375, 123.04866027832031, 106.308837890625, 124.91793823242188, 106.28457641601562, 123.26979064941406, 108.55522918701172, 108.79431915283203, 107.37743377685547, 101.04398345947266, 107.40660858154297, 104.55158233642578, 100.68439483642578, 105.76455688476562, 98.2624282836914, 102.3210220336914, 103.6001205444336, 101.85202026367188, 104.55497741699219, 102.72598266601562, 98.13072967529297, 102.83695220947266, 102.87619018554688, 99.48375701904297, 102.24173736572266, 98.72880554199219, 102.76949310302734, 101.51770782470703, 101.44511413574219, 100.04098510742188, 98.30101013183594, 99.97183227539062, 100.23005676269531, 99.28048706054688, 101.78526306152344, 102.1243896484375, 101.64984130859375, 101.46060943603516, 99.11604309082031, 98.61761474609375, 98.25399780273438, 100.86276245117188, 100.35879516601562, 102.2215347290039, 99.92961883544922, 99.27294921875, 97.02433776855469, 99.96016693115234, 101.0355453491211, 97.89798736572266, 98.4140396118164, 98.98180389404297, 101.36453247070312, 98.41085815429688, 102.728515625, 100.25639343261719, 99.08141326904297, 99.45629119873047, 100.54767608642578, 100.63619995117188, 99.97029876708984, 99.78306579589844, 103.21952819824219, 100.94554138183594, 103.12548828125, 100.85760498046875, 101.41632843017578, 100.76407623291016, 103.32213592529297, 100.22748565673828, 99.62123107910156, 100.91179656982422, 101.08728790283203, 99.58305358886719, 100.01252746582031, 100.29622650146484, 99.05094909667969, 101.80625915527344, 96.50241088867188, 101.30862426757812, 98.81864929199219, 100.97137451171875, 98.98809814453125, 102.87875366210938, 100.4952392578125, 102.94396209716797, 103.17113494873047, 102.56023406982422, 103.53153991699219, 97.427490234375, 99.00477600097656]
