image number: image shape: torch.Size([130, 1, 9, 31, 31])
[tensor([1]), tensor([4]), tensor([0]), tensor([1]), tensor([3]), tensor([2]), tensor([2]), tensor([1]), tensor([0]), tensor([1]), tensor([3]), tensor([4]), tensor([3]), tensor([0]), tensor([4]), tensor([2]), tensor([1]), tensor([1]), tensor([3]), tensor([0]), tensor([1]), tensor([0]), tensor([4]), tensor([0]), tensor([3]), tensor([3]), tensor([0]), tensor([1]), tensor([1]), tensor([0]), tensor([1]), tensor([3]), tensor([3]), tensor([0]), tensor([2]), tensor([0]), tensor([0]), tensor([3]), tensor([4]), tensor([1]), tensor([0]), tensor([0]), tensor([3]), tensor([0]), tensor([2]), tensor([0]), tensor([4]), tensor([3]), tensor([0]), tensor([3]), tensor([2]), tensor([1]), tensor([1]), tensor([0]), tensor([3]), tensor([3]), tensor([0]), tensor([1]), tensor([0]), tensor([0]), tensor([0]), tensor([3]), tensor([0]), tensor([3]), tensor([0]), tensor([0]), tensor([0]), tensor([0]), tensor([0]), tensor([1]), tensor([0]), tensor([0]), tensor([0]), tensor([0]), tensor([4]), tensor([2]), tensor([3]), tensor([1]), tensor([3]), tensor([3]), tensor([3]), tensor([0]), tensor([1]), tensor([0]), tensor([3]), tensor([3]), tensor([3]), tensor([0]), tensor([2]), tensor([4]), tensor([1]), tensor([0]), tensor([3]), tensor([0]), tensor([0]), tensor([1]), tensor([0]), tensor([3]), tensor([4]), tensor([3]), tensor([1]), tensor([0]), tensor([3]), tensor([1]), tensor([1]), tensor([0]), tensor([3]), tensor([0]), tensor([0]), tensor([2]), tensor([3]), tensor([1]), tensor([1]), tensor([0]), tensor([3]), tensor([2]), tensor([1]), tensor([1]), tensor([1]), tensor([1]), tensor([3]), tensor([4]), tensor([4]), tensor([0]), tensor([0]), tensor([1]), tensor([2]), tensor([1]), tensor([2]), tensor([0])]true bbox coords: tensor([[ 531.1290, 1663.4520, 1035.0000,  537.1290, 1669.4520, 1041.0000],
        [1477.5520, 1275.9800,  817.2270, 1483.5520, 1281.9800,  823.2270],
        [2346.9241, 2326.5020,  482.6040, 2352.9241, 2332.5020,  488.6040],
        [ 753.7860, 3304.7649,  920.7170,  759.7860, 3310.7649,  926.7170],
        [3186.6760, 2562.6289,  303.8010, 3192.6760, 2568.6289,  309.8010],
        [5418.6509, 1155.8680,  560.3020, 5424.6509, 1161.8680,  566.3020],
        [1956.1810,  698.5020,  368.2290, 1962.1810,  704.5020,  374.2290],
        [2290.0969, 1866.8800,  552.2960, 2296.0969, 1872.8800,  558.2960],
        [1065.1820, 3021.8479,  512.6280, 1071.1820, 3027.8479,  518.6280],
        [4335.6440, 1819.4640,  452.5950, 4341.6440, 1825.4640,  458.5950],
        [4800.7891,  452.4250,  511.0160, 4806.7891,  458.4250,  517.0160],
        [2994.6860, 4945.2178, 1166.3750, 3000.6860, 4951.2178, 1172.3750],
        [4806.6729, 2922.5891,  727.0530, 4812.6729, 2928.5891,  733.0530],
        [4654.2100, 5127.8730,  986.2650, 4660.2100, 5133.8730,  992.2650],
        [2617.6990, 3738.6851,  862.8970, 2623.6990, 3744.6851,  868.8970],
        [ 763.8480, 1449.9130,  697.4130,  769.8480, 1455.9130,  703.4130],
        [5118.4561, 5465.9829, 1002.2020, 5124.4561, 5471.9829, 1008.2020],
        [1987.0000, 5787.0000,  867.0000, 1993.0000, 5793.0000,  873.0000],
        [2542.4050, 3066.5510, 1116.7040, 2548.4050, 3072.5510, 1122.7040],
        [5867.2681, 5128.1040,   73.3210, 5873.2681, 5134.1040,   79.3210],
        [5455.2749, 3740.4180,  329.0750, 5461.2749, 3746.4180,  335.0750],
        [5671.6938, 1111.3540,  562.0680, 5677.6938, 1117.3540,  568.0680],
        [2633.5391, 4211.9800,  962.4100, 2639.5391, 4217.9800,  968.4100],
        [4658.6670, 1266.4969,  807.4090, 4664.6670, 1272.4969,  813.4090],
        [2418.8521, 1138.6370,  660.1900, 2424.8521, 1144.6370,  666.1900],
        [4617.7988, 2799.1599,  510.4300, 4623.7988, 2805.1599,  516.4300],
        [2679.1299, 3627.1541,  639.9630, 2685.1299, 3633.1541,  645.9630],
        [2088.2419,  486.2080,  430.7420, 2094.2419,  492.2080,  436.7420],
        [3092.6279, 5840.5908,  944.5960, 3098.6279, 5846.5908,  950.5960],
        [2496.2820, 2194.3940,  295.9890, 2502.2820, 2200.3940,  301.9890],
        [2914.8049, 3955.2930,  727.7320, 2920.8049, 3961.2930,  733.7320],
        [4192.3911, 3958.6370,  863.0760, 4198.3911, 3964.6370,  869.0760],
        [3394.3010, 4657.7778, 1306.2860, 3400.3010, 4663.7778, 1312.2860],
        [ 992.2940, 3026.4121,  404.8990,  998.2940, 3032.4121,  410.8990],
        [4045.9270, 5217.8809, 1246.5400, 4051.9270, 5223.8809, 1252.5400],
        [4826.3921, 4470.3838,  205.7070, 4832.3921, 4476.3838,  211.7070],
        [1056.8400, 3169.4719,  833.2490, 1062.8400, 3175.4719,  839.2490],
        [3983.5540, 1882.6730,  741.3710, 3989.5540, 1888.6730,  747.3710],
        [1248.3240, 5448.8931,  732.6310, 1254.3240, 5454.8931,  738.6310],
        [2436.5300, 3196.8491,  794.3530, 2442.5300, 3202.8491,  800.3530],
        [ 554.6650, 4364.9888,  602.7530,  560.6650, 4370.9888,  608.7530],
        [1660.7670, 3308.7671, 1048.7000, 1666.7670, 3314.7671, 1054.7000],
        [4629.0908, 2987.2339,  241.1380, 4635.0908, 2993.2339,  247.1380],
        [4590.4980, 1192.8740,  874.9820, 4596.4980, 1198.8740,  880.9820],
        [2132.7129, 4456.1948,  933.6550, 2138.7129, 4462.1948,  939.6550],
        [2337.3059, 2280.2271,  342.4290, 2343.3059, 2286.2271,  348.4290],
        [ 669.2590, 3036.6499,  708.3220,  675.2590, 3042.6499,  714.3220],
        [5069.9092, 2899.9929,  760.2060, 5075.9092, 2905.9929,  766.2060],
        [5059.4502, 5079.9468, 1202.9270, 5065.4502, 5085.9468, 1208.9270],
        [5000.2749,  779.7450,  799.4800, 5006.2749,  785.7450,  805.4800],
        [5129.8628, 4591.6582,  433.4100, 5135.8628, 4597.6582,  439.4100],
        [5083.2661, 5375.9771,  408.0510, 5089.2661, 5381.9771,  414.0510],
        [2172.4910, 3097.5491,  449.8610, 2178.4910, 3103.5491,  455.8610],
        [1063.8530, 3204.4919,  582.9380, 1069.8530, 3210.4919,  588.9380],
        [ 688.6400,  894.3830,  285.3500,  694.6400,  900.3830,  291.3500],
        [4802.6328, 2616.1841,  871.6570, 4808.6328, 2622.1841,  877.6570],
        [2798.7251, 1627.4150,  201.4730, 2804.7251, 1633.4150,  207.4730],
        [1582.6420, 3323.0481,  514.4860, 1588.6420, 3329.0481,  520.4860],
        [1085.2800, 3112.1599,  606.8000, 1091.2800, 3118.1599,  612.8000],
        [4834.9668, 5046.3501, 1027.0811, 4840.9668, 5052.3501, 1033.0811],
        [3681.9541, 4534.9199,  636.2350, 3687.9541, 4540.9199,  642.2350],
        [5053.9800, 2529.4351,  874.0020, 5059.9800, 2535.4351,  880.0020],
        [1069.4490, 2960.2649,  381.0140, 1075.4490, 2966.2649,  387.0140],
        [4088.4971, 2156.4529,  871.0470, 4094.4971, 2162.4529,  877.0470],
        [ 966.7490, 3083.6951,  554.9500,  972.7490, 3089.6951,  560.9500],
        [3776.6421, 4195.0098, 1293.6121, 3782.6421, 4201.0098, 1299.6121],
        [1035.4940, 3198.1140,  692.6620, 1041.4940, 3204.1140,  698.6620],
        [5745.2529, 5112.8462,  105.0330, 5751.2529, 5118.8462,  111.0330],
        [4566.7349, 1246.9670,  732.0330, 4572.7349, 1252.9670,  738.0330],
        [3085.2959, 2346.5481,  836.1100, 3091.2959, 2352.5481,  842.1100],
        [1127.0000, 3127.0000,  792.0000, 1133.0000, 3133.0000,  798.0000],
        [4521.7261, 1356.2070,  760.4450, 4527.7261, 1362.2070,  766.4450],
        [4711.4521, 5061.9761, 1074.2380, 4717.4521, 5067.9761, 1080.2380],
        [3735.7361, 4121.9438, 1179.9740, 3741.7361, 4127.9438, 1185.9740],
        [ 623.9330, 1148.0909,  634.1390,  629.9330, 1154.0909,  640.1390],
        [3446.7820, 5049.9302,  508.0410, 3452.7820, 5055.9302,  514.0410],
        [ 945.2190, 2152.2939,  369.1300,  951.2190, 2158.2939,  375.1300],
        [5087.0000,  570.4780,  119.1740, 5093.0000,  576.4780,  125.1740],
        [4353.0210, 3942.4541, 1153.4370, 4359.0210, 3948.4541, 1159.4370],
        [3523.5190, 2314.8621, 1056.9790, 3529.5190, 2320.8621, 1062.9790],
        [4598.2710,  598.0660,  597.9340, 4604.2710,  604.0660,  603.9340],
        [ 465.5140, 5912.9058,  601.1670,  471.5140, 5918.9058,  607.1670],
        [3416.6470, 2827.6270,  456.3330, 3422.6470, 2833.6270,  462.3330],
        [5877.7690, 1122.3480,  576.5600, 5883.7690, 1128.3480,  582.5600],
        [3819.1440, 1880.1560,  997.8260, 3825.1440, 1886.1560, 1003.8260],
        [2800.1990, 2698.1060,  333.0990, 2806.1990, 2704.1060,  339.0990],
        [4722.1929, 4087.1050, 1107.4561, 4728.1929, 4093.1050, 1113.4561],
        [2623.8279, 2292.5339,  251.3370, 2629.8279, 2298.5339,  257.3370],
        [4620.5972, 3649.0950, 1158.6600, 4626.5972, 3655.0950, 1164.6600],
        [ 114.2040, 5390.2681,  920.7330,  120.2040, 5396.2681,  926.7330],
        [ 438.3460, 2263.6350,  832.8650,  444.3460, 2269.6350,  838.8650],
        [ 921.1210, 3207.7671,  733.1340,  927.1210, 3213.7671,  739.1340],
        [2840.5559, 6147.7100,  815.7540, 2846.5559, 6153.7100,  821.7540],
        [2501.1201, 2308.8521,  264.4540, 2507.1201, 2314.8521,  270.4540],
        [1148.9180, 3207.7400,  693.0750, 1154.9180, 3213.7400,  699.0750],
        [2402.1721, 6022.0000,  560.9660, 2408.1721, 6028.0000,  566.9660],
        [ 606.8240, 4418.4790,  675.3800,  612.8240, 4424.4790,  681.3800],
        [ 707.4590, 3812.8450, 1402.4351,  713.4590, 3818.8450, 1408.4351],
        [3291.1331, 3024.4641,  671.0700, 3297.1331, 3030.4641,  677.0700],
        [4712.4360,  822.3740,  799.1660, 4718.4360,  828.3740,  805.1660],
        [3084.1721, 5271.2759,  697.7590, 3090.1721, 5277.2759,  703.7590],
        [ 609.5290, 4268.0918,  491.8280,  615.5290, 4274.0918,  497.8280],
        [1907.7610,  752.5390, 1049.2410, 1913.7610,  758.5390, 1055.2410],
        [4524.7061,  218.4680,  276.9080, 4530.7061,  224.4680,  282.9080],
        [2610.5830, 2250.2080,  881.0420, 2616.5830, 2256.2080,  887.0420],
        [ 888.8180, 2974.2729,  507.6060,  894.8180, 2980.2729,  513.6060],
        [1607.6340,  229.1230, 1065.4600, 1613.6340,  235.1230, 1071.4600],
        [5741.5088, 1046.1720,  650.7120, 5747.5088, 1052.1720,  656.7120],
        [ 608.7970, 4390.7529,  512.6410,  614.7970, 4396.7529,  518.6410],
        [1387.2380, 4118.6670,  567.5950, 1393.2380, 4124.6670,  573.5950],
        [4214.4878, 4189.5181,  938.8390, 4220.4878, 4195.5181,  944.8390],
        [2270.2280, 1489.9830,  946.7120, 2276.2280, 1495.9830,  952.7120],
        [1538.5590, 5805.0439, 1376.8530, 1544.5590, 5811.0439, 1382.8530],
        [5712.0142, 4995.2158,  112.1430, 5718.0142, 5001.2158,  118.1430],
        [4787.6660, 2514.0020,  486.4360, 4793.6660, 2520.0020,  492.4360],
        [1314.6169, 2289.1279, 1086.0640, 1320.6169, 2295.1279, 1092.0640],
        [2749.2871, 5757.5742,  878.2490, 2755.2871, 5763.5742,  884.2490],
        [ 870.7500, 2083.8750, 1052.3120,  876.7500, 2089.8750, 1058.3120],
        [3466.9290, 3750.4900,  779.1010, 3472.9290, 3756.4900,  785.1010],
        [2332.0681, 4954.4321,  700.7160, 2338.0681, 4960.4321,  706.7160],
        [4139.3950, 2202.0300, 1123.4000, 4145.3950, 2208.0300, 1129.4000],
        [3134.3960, 3569.4600,  369.9140, 3140.3960, 3575.4600,  375.9140],
        [3432.8511, 6174.8242, 1013.4730, 3438.8511, 6180.8242, 1019.4730],
        [2549.1621, 2708.8149,  413.0230, 2555.1621, 2714.8149,  419.0230],
        [ 518.9520, 4272.2861,  647.4290,  524.9520, 4278.2861,  653.4290],
        [1307.1541, 4510.9092,  439.0420, 1313.1541, 4516.9092,  445.0420],
        [3537.6250, 1848.2500,   47.0000, 3543.6250, 1854.2500,   53.0000],
        [ 471.3980, 3088.9319, 1073.2889,  477.3980, 3094.9319, 1079.2889],
        [ 452.2410, 2835.4141,  620.4020,  458.2410, 2841.4141,  626.4020],
        [4804.9482, 4946.0298, 1036.4780, 4810.9482, 4952.0298, 1042.4780]])
epoch: 0
Length of Subset: 130
All 6 points for classification: tensor([[1.0000e+00, 1.3203e-22, 1.1154e-23, 1.9545e-26, 8.0946e-15],
        [1.0000e+00, 4.3570e-17, 3.4096e-21, 2.2547e-22, 7.4206e-11],
        [1.0000e+00, 2.0912e-18, 7.1351e-20, 1.5455e-19, 4.1377e-11],
        [1.0000e+00, 1.1202e-17, 1.3000e-20, 4.8566e-25, 4.9392e-15],
        [1.0000e+00, 2.2645e-16, 4.9357e-16, 5.2942e-19, 2.1075e-08],
        [1.0000e+00, 4.6158e-12, 7.5561e-14, 5.5122e-13, 5.7208e-07],
        [1.0000e+00, 9.2555e-21, 7.3227e-20, 6.9404e-26, 2.5043e-13],
        [1.0000e+00, 2.4054e-17, 1.9854e-15, 3.2653e-23, 1.5779e-10],
        [1.0000e+00, 4.0502e-23, 3.0170e-22, 9.3737e-29, 4.7691e-16],
        [1.0000e+00, 3.8722e-10, 2.8573e-14, 1.4040e-12, 1.6842e-08],
        [1.0000e+00, 1.2937e-13, 2.1040e-16, 1.6636e-17, 1.3379e-10],
        [1.0000e+00, 5.7325e-15, 3.3461e-17, 1.1428e-17, 5.0369e-08],
        [1.0000e+00, 5.3698e-13, 1.0248e-15, 1.0536e-14, 2.0249e-06],
        [1.0000e+00, 2.0953e-14, 6.4947e-17, 7.7735e-18, 1.7063e-09],
        [1.0000e+00, 3.7375e-21, 5.3743e-21, 1.6266e-24, 1.0320e-13],
        [1.0000e+00, 1.7331e-07, 4.2326e-13, 4.2439e-14, 8.9640e-08],
        [1.0000e+00, 1.2897e-22, 5.7661e-23, 1.4967e-25, 5.0318e-13],
        [1.0000e+00, 8.6166e-25, 3.7760e-24, 2.0421e-28, 1.6326e-15],
        [1.0000e+00, 1.0865e-15, 3.5664e-20, 5.4926e-18, 2.2602e-09],
        [1.0000e+00, 3.5525e-19, 7.9246e-22, 6.2004e-24, 1.2020e-10],
        [1.0000e+00, 2.1924e-20, 3.0560e-23, 1.3756e-26, 7.0501e-15],
        [1.0000e+00, 1.5386e-26, 6.1969e-27, 2.6456e-31, 3.7596e-16],
        [1.0000e+00, 7.1350e-22, 1.8313e-24, 3.2058e-29, 4.6585e-17],
        [1.0000e+00, 1.4309e-15, 1.6180e-16, 2.7414e-18, 3.4184e-09],
        [1.0000e+00, 1.9144e-24, 1.7331e-23, 1.6837e-28, 7.3639e-15],
        [1.0000e+00, 8.0015e-23, 8.9518e-24, 3.1620e-28, 4.9986e-13],
        [1.0000e+00, 3.1654e-19, 1.7833e-18, 4.4381e-23, 5.0859e-11],
        [1.0000e+00, 7.4546e-15, 6.2870e-16, 1.4489e-15, 7.7962e-08],
        [1.0000e+00, 1.6403e-23, 2.9309e-24, 1.1153e-29, 1.8735e-15],
        [1.0000e+00, 1.6467e-20, 2.7572e-22, 1.5556e-23, 2.6688e-13],
        [1.0000e+00, 2.4243e-15, 1.3418e-19, 1.2696e-19, 2.9968e-11],
        [1.0000e+00, 3.2178e-20, 5.2860e-21, 7.1894e-24, 9.3960e-14],
        [1.0000e+00, 9.2658e-27, 3.7992e-23, 1.1205e-31, 5.8428e-17],
        [1.0000e+00, 2.4110e-20, 2.2775e-19, 1.1248e-23, 4.8758e-13],
        [1.0000e+00, 9.1521e-17, 5.3601e-18, 3.2568e-21, 6.3730e-10],
        [1.0000e+00, 1.5164e-16, 3.3893e-18, 3.6186e-21, 1.4341e-11],
        [1.0000e+00, 1.1604e-24, 6.0954e-27, 7.5729e-30, 7.5838e-17],
        [1.0000e+00, 6.6070e-22, 4.8460e-23, 3.8691e-24, 2.4698e-12],
        [1.0000e+00, 4.0157e-16, 2.6761e-21, 2.7325e-22, 5.5446e-11],
        [1.0000e+00, 2.5497e-17, 1.1368e-15, 2.7453e-19, 4.4517e-10],
        [1.0000e+00, 8.6139e-20, 4.7818e-18, 1.3168e-21, 1.3798e-12],
        [1.0000e+00, 3.1825e-24, 4.0837e-22, 7.4028e-29, 5.5155e-15],
        [1.0000e+00, 3.8458e-17, 7.9207e-18, 2.8956e-21, 3.2716e-08],
        [1.0000e+00, 1.7938e-16, 8.1544e-17, 6.2199e-18, 3.5498e-09],
        [1.0000e+00, 5.8756e-18, 1.5634e-18, 4.2456e-20, 6.1690e-09],
        [1.0000e+00, 3.2391e-19, 8.9456e-23, 1.4841e-24, 7.6966e-12],
        [1.0000e+00, 1.7587e-14, 1.1123e-16, 1.6140e-20, 9.0046e-11],
        [1.0000e+00, 4.6909e-13, 1.1574e-19, 1.3414e-16, 1.2586e-06],
        [8.2758e-01, 2.2047e-05, 4.8504e-09, 8.2170e-11, 1.7240e-01],
        [1.0000e+00, 4.7903e-19, 1.6349e-21, 8.9133e-26, 1.2045e-14],
        [1.0000e+00, 1.2550e-24, 4.5332e-23, 9.5217e-30, 6.7250e-17],
        [1.0000e+00, 2.5900e-25, 1.7584e-23, 4.3321e-28, 2.1537e-14],
        [1.0000e+00, 2.0550e-31, 8.7507e-28, 4.7091e-35, 3.7224e-20],
        [1.0000e+00, 2.5532e-16, 2.0087e-17, 1.0330e-19, 8.4686e-10],
        [1.0000e+00, 2.2386e-20, 1.1723e-20, 6.7291e-24, 2.5158e-13],
        [1.0000e+00, 2.1296e-16, 4.1126e-19, 6.2518e-20, 7.5176e-13],
        [1.0000e+00, 5.9560e-25, 6.9019e-26, 6.7320e-28, 5.6014e-16],
        [1.0000e+00, 1.1061e-18, 4.1505e-19, 6.3438e-22, 7.3805e-12],
        [1.0000e+00, 4.4300e-18, 6.2370e-21, 6.7241e-22, 1.6031e-13],
        [1.0000e+00, 1.5684e-21, 4.5727e-20, 9.4629e-24, 2.5328e-12],
        [1.0000e+00, 7.0036e-20, 1.4154e-20, 4.9732e-25, 8.5254e-14],
        [1.0000e+00, 2.3676e-26, 2.1298e-26, 2.6917e-30, 6.8728e-18],
        [1.0000e+00, 5.9776e-17, 1.3667e-21, 5.4657e-23, 1.8562e-10],
        [1.0000e+00, 4.4202e-19, 5.9222e-17, 2.2558e-20, 3.5278e-11],
        [1.0000e+00, 3.5203e-17, 5.1567e-16, 2.9931e-19, 1.4175e-11],
        [1.0000e+00, 4.3859e-22, 4.6440e-24, 1.1879e-26, 2.7563e-14],
        [1.0000e+00, 7.9494e-10, 4.9441e-13, 2.4061e-15, 8.9884e-07],
        [1.0000e+00, 1.7859e-18, 3.1040e-23, 7.2256e-28, 7.4742e-16],
        [1.0000e+00, 3.8898e-20, 3.3418e-19, 2.7519e-26, 1.0899e-11],
        [1.0000e+00, 1.1917e-32, 2.3342e-32, 9.7530e-42, 2.2837e-23],
        [1.0000e+00, 7.2020e-27, 1.2017e-28, 1.7031e-35, 5.1424e-19],
        [1.0000e+00, 2.6901e-17, 1.3114e-18, 1.0792e-21, 1.0333e-10],
        [1.0000e+00, 1.2533e-16, 2.6595e-20, 3.0541e-22, 2.9773e-13],
        [1.0000e+00, 5.9069e-12, 3.6247e-12, 3.9609e-14, 2.9028e-08],
        [1.0000e+00, 1.6679e-12, 6.7551e-19, 1.5704e-16, 1.0449e-08],
        [9.9999e-01, 5.7438e-10, 3.5901e-11, 1.9279e-13, 6.8321e-06],
        [1.0000e+00, 3.3339e-23, 2.1455e-25, 2.5862e-27, 5.3456e-14],
        [1.0000e+00, 2.9616e-18, 1.5396e-18, 5.7960e-23, 6.1948e-12],
        [1.0000e+00, 1.2959e-16, 4.8087e-18, 7.1918e-21, 4.1041e-12],
        [1.0000e+00, 2.6782e-15, 4.9553e-16, 4.3220e-15, 5.5046e-08],
        [1.0000e+00, 1.7065e-22, 3.0294e-25, 1.6321e-27, 4.7164e-14],
        [1.0000e+00, 3.8309e-18, 9.2559e-24, 2.2116e-24, 9.3779e-14],
        [1.0000e+00, 5.3121e-22, 8.4288e-25, 7.2360e-27, 4.5696e-14],
        [1.0000e+00, 8.3299e-18, 8.2038e-19, 7.6419e-24, 4.4938e-11],
        [1.0000e+00, 2.3154e-19, 1.6070e-20, 1.5978e-23, 9.8467e-14],
        [1.0000e+00, 3.9593e-17, 3.9988e-16, 1.1035e-18, 6.4227e-07],
        [1.0000e+00, 7.9853e-19, 5.2048e-20, 7.0066e-21, 2.1370e-12],
        [1.0000e+00, 9.5164e-24, 5.2411e-24, 4.4595e-29, 5.5673e-15],
        [1.0000e+00, 5.1545e-18, 4.3659e-20, 6.3826e-26, 3.0354e-15],
        [1.0000e+00, 3.1900e-21, 9.8772e-23, 2.9838e-24, 7.8630e-11],
        [1.0000e+00, 4.0646e-22, 2.0669e-21, 5.0868e-26, 1.1380e-12],
        [1.0000e+00, 2.3293e-16, 6.1959e-18, 3.0088e-20, 7.2719e-11],
        [1.0000e+00, 2.4272e-20, 6.0564e-21, 1.9488e-24, 2.0064e-11],
        [1.0000e+00, 1.9943e-12, 2.9356e-15, 4.8406e-20, 1.3821e-09],
        [1.0000e+00, 3.4923e-18, 1.0847e-18, 4.5665e-18, 9.7091e-12],
        [1.0000e+00, 6.7532e-18, 1.0965e-18, 3.6238e-23, 1.5175e-11],
        [1.0000e+00, 4.4360e-23, 1.2156e-24, 8.7167e-28, 1.9904e-16],
        [1.0000e+00, 4.2921e-16, 4.1828e-18, 9.1385e-22, 2.0946e-11],
        [1.0000e+00, 2.7200e-25, 7.6187e-25, 6.6862e-30, 7.2765e-17],
        [1.0000e+00, 1.0764e-18, 1.0975e-18, 2.2150e-22, 2.9119e-10],
        [1.0000e+00, 4.9683e-16, 1.1872e-15, 2.6482e-14, 5.2182e-07],
        [1.0000e+00, 3.1566e-13, 2.6825e-14, 3.3965e-16, 8.5115e-09],
        [1.0000e+00, 2.7799e-31, 2.2149e-32, 1.2875e-38, 9.6859e-20],
        [1.0000e+00, 5.1994e-14, 1.4279e-13, 7.9320e-18, 6.4860e-09],
        [1.0000e+00, 4.9672e-24, 2.2370e-25, 1.1621e-30, 3.4588e-16],
        [1.0000e+00, 2.3480e-24, 3.6688e-25, 1.0326e-31, 5.8257e-17],
        [1.0000e+00, 2.3650e-23, 1.9115e-23, 3.6302e-29, 7.7720e-15],
        [1.0000e+00, 1.7374e-14, 1.0746e-15, 1.5374e-17, 3.9841e-09],
        [1.0000e+00, 2.7916e-26, 4.7203e-25, 4.6363e-28, 3.5518e-17],
        [1.0000e+00, 1.7021e-24, 1.2874e-22, 2.2984e-29, 1.2661e-16],
        [1.0000e+00, 4.5317e-20, 5.2098e-20, 1.7670e-23, 6.0890e-13],
        [1.0000e+00, 1.8830e-20, 2.1071e-23, 3.5765e-23, 2.7703e-13],
        [1.0000e+00, 6.4952e-21, 5.3475e-22, 9.6219e-26, 2.9000e-12],
        [1.0000e+00, 4.7795e-18, 8.9814e-21, 1.0685e-26, 8.1772e-14],
        [1.0000e+00, 1.7932e-12, 5.7760e-14, 7.6413e-14, 1.3806e-07],
        [9.9392e-01, 5.6753e-05, 5.4874e-09, 1.0690e-08, 6.0215e-03],
        [1.0000e+00, 3.1526e-15, 5.2551e-18, 6.4481e-20, 6.0382e-10],
        [1.0000e+00, 1.4531e-17, 4.1731e-19, 1.3381e-23, 5.4359e-12],
        [1.0000e+00, 5.7558e-23, 2.9065e-24, 9.0007e-30, 2.0159e-16],
        [1.0000e+00, 1.5448e-25, 2.8158e-23, 6.2532e-30, 1.5676e-17],
        [1.0000e+00, 8.3466e-13, 6.5157e-12, 8.7015e-15, 4.0261e-06],
        [1.0000e+00, 2.9675e-25, 1.7495e-23, 9.4631e-27, 1.9427e-15],
        [1.0000e+00, 6.9333e-29, 8.8394e-27, 3.0400e-35, 5.0130e-20],
        [1.0000e+00, 2.1235e-19, 6.5066e-22, 7.6485e-25, 1.6440e-14],
        [1.0000e+00, 2.8532e-15, 2.3060e-13, 3.8269e-19, 3.6807e-10],
        [1.0000e+00, 8.9172e-18, 5.6114e-19, 1.1379e-23, 1.8267e-13],
        [1.0000e+00, 1.8934e-25, 8.1700e-24, 3.3233e-32, 1.9833e-18],
        [1.0000e+00, 9.5081e-14, 4.5486e-15, 6.3701e-18, 1.6612e-06],
        [1.0000e+00, 3.5407e-23, 6.4159e-24, 3.3371e-31, 1.3991e-16],
        [1.0000e+00, 5.2468e-21, 3.7458e-21, 6.2280e-26, 1.8467e-13]],
       grad_fn=<SoftmaxBackward0>)
pred labels: tensor([0, 0, 0, 0, 0, 0, 0, 0, 0, 0, 0, 0, 0, 0, 0, 0, 0, 0, 0, 0, 0, 0, 0, 0,
        0, 0, 0, 0, 0, 0, 0, 0, 0, 0, 0, 0, 0, 0, 0, 0, 0, 0, 0, 0, 0, 0, 0, 0,
        0, 0, 0, 0, 0, 0, 0, 0, 0, 0, 0, 0, 0, 0, 0, 0, 0, 0, 0, 0, 0, 0, 0, 0,
        0, 0, 0, 0, 0, 0, 0, 0, 0, 0, 0, 0, 0, 0, 0, 0, 0, 0, 0, 0, 0, 0, 0, 0,
        0, 0, 0, 0, 0, 0, 0, 0, 0, 0, 0, 0, 0, 0, 0, 0, 0, 0, 0, 0, 0, 0, 0, 0,
        0, 0, 0, 0, 0, 0, 0, 0, 0, 0])
pred coordinates: tensor([[1644.3303, 1846.3507,  782.3297, 1460.7188, 1709.8833,  516.2462],
        [1247.1151, 1387.4833,  612.2032, 1120.3413, 1285.1306,  418.7521],
        [1535.2316, 1711.1013,  751.0112, 1373.6274, 1592.6409,  510.6644],
        [1542.8052, 1708.1936,  736.5972, 1369.5570, 1590.5461,  499.0466],
        [1370.7245, 1514.3030,  679.5666, 1219.1831, 1403.9143,  468.7764],
        [1488.9368, 1668.3184,  728.4492, 1325.3348, 1539.4598,  492.7471],
        [1699.0752, 1879.8356,  811.0902, 1504.3182, 1743.9055,  533.7111],
        [1365.6782, 1511.0760,  666.5848, 1201.6116, 1396.0754,  442.4831],
        [1474.2729, 1620.9998,  719.8583, 1309.7467, 1505.6130,  490.7339],
        [1549.2512, 1723.4485,  735.2406, 1389.2899, 1593.0079,  491.7096],
        [1546.4135, 1702.5581,  736.1608, 1376.8795, 1583.9287,  493.9680],
        [1327.5801, 1462.6335,  658.1173, 1180.6841, 1350.5236,  448.3893],
        [1388.8174, 1536.9840,  677.8344, 1228.9888, 1426.7030,  457.6580],
        [1384.3363, 1540.6394,  669.8414, 1236.0345, 1417.0876,  449.7842],
        [1443.9048, 1608.6841,  691.7607, 1280.5021, 1482.8171,  464.5312],
        [1657.5405, 1857.1055,  804.4500, 1477.7847, 1710.8993,  527.3100],
        [1450.0835, 1613.7471,  651.7045, 1274.4167, 1491.4265,  421.9095],
        [1639.3707, 1826.5538,  783.5215, 1453.6069, 1687.0698,  529.3777],
        [1525.7313, 1696.9050,  750.3870, 1352.4651, 1561.0206,  514.3395],
        [1574.8243, 1741.5593,  781.7930, 1387.2319, 1620.7079,  528.3620],
        [1575.2563, 1753.5083,  755.1631, 1395.9255, 1624.2225,  492.6721],
        [1506.5281, 1667.2185,  754.1040, 1352.7273, 1547.4521,  524.3215],
        [1475.9058, 1618.4673,  710.1776, 1306.8386, 1506.6449,  476.0579],
        [1429.6869, 1573.8409,  682.2993, 1259.5256, 1464.0073,  465.4104],
        [1548.2161, 1717.5751,  745.5894, 1359.9218, 1581.7671,  497.2012],
        [1581.8918, 1760.5824,  765.1179, 1413.6848, 1635.0193,  511.3922],
        [1519.4449, 1687.2466,  706.6069, 1341.7566, 1566.6750,  464.8168],
        [1610.0411, 1774.6541,  786.1130, 1436.0393, 1646.8629,  529.5390],
        [1516.9795, 1674.3276,  729.6537, 1354.1956, 1554.4814,  495.4723],
        [1442.0747, 1599.9565,  715.6703, 1292.0801, 1494.2915,  476.5913],
        [1521.6785, 1690.6873,  729.2874, 1342.3315, 1561.1948,  491.3552],
        [1642.9371, 1838.0361,  800.2707, 1467.5411, 1689.5490,  540.4937],
        [1728.2258, 1913.5769,  832.8345, 1528.0220, 1770.7622,  564.4990],
        [1474.6970, 1636.1133,  698.1833, 1314.1523, 1526.6483,  462.1975],
        [1408.2795, 1558.0430,  678.0815, 1254.3867, 1447.1921,  453.4608],
        [1370.8799, 1512.8850,  651.0329, 1213.5491, 1399.5002,  434.4908],
        [1605.8721, 1787.5552,  766.7249, 1430.7141, 1656.7793,  513.7708],
        [1511.8022, 1670.0435,  737.2643, 1336.2964, 1554.8485,  498.5977],
        [1535.8149, 1706.4302,  749.6199, 1366.0662, 1582.6218,  491.8160],
        [1661.7778, 1855.8584,  801.5449, 1481.4459, 1707.0404,  536.0934],
        [1570.3154, 1748.0691,  765.1520, 1394.4636, 1613.3037,  523.9661],
        [1677.7941, 1845.5117,  810.1938, 1495.8884, 1717.1243,  552.8442],
        [1276.8059, 1420.8501,  619.5211, 1138.4028, 1312.7927,  436.5456],
        [1791.4994, 2008.9285,  821.6354, 1577.6040, 1844.3240,  534.1871],
        [1602.0752, 1792.8419,  758.1226, 1423.6788, 1652.1322,  508.5958],
        [1390.2212, 1554.5048,  658.5703, 1226.4113, 1439.1069,  430.2565],
        [1382.3445, 1547.3687,  683.1521, 1241.4976, 1428.3334,  457.2122],
        [1346.5012, 1493.2361,  634.1725, 1189.2290, 1379.2520,  432.8159],
        [1488.1616, 1651.8450,  731.2524, 1328.0167, 1534.9038,  491.9773],
        [1627.4679, 1797.6539,  777.3329, 1447.1938, 1661.7791,  535.2141],
        [1538.3942, 1698.2941,  721.4030, 1361.7859, 1572.9512,  471.7491],
        [1471.5405, 1630.3282,  708.4639, 1290.0676, 1502.2594,  478.0433],
        [1321.5364, 1473.0715,  663.1193, 1177.1190, 1350.9744,  444.9238],
        [1610.5059, 1782.4141,  766.7423, 1428.6165, 1654.6156,  525.1937],
        [1410.5985, 1560.9404,  694.1334, 1243.3752, 1444.7686,  464.1828],
        [1411.9645, 1564.2008,  671.7312, 1247.8354, 1455.1941,  438.5685],
        [1643.3816, 1821.4890,  793.6865, 1455.3080, 1687.1704,  535.2764],
        [1600.9221, 1767.2712,  771.0756, 1414.8560, 1644.0488,  509.4601],
        [1632.4668, 1808.7612,  777.8320, 1437.4955, 1678.8284,  513.8934],
        [1482.6205, 1649.5334,  713.6383, 1310.2886, 1516.1348,  490.8960],
        [1422.3638, 1570.1139,  695.7303, 1271.2759, 1468.2594,  466.1758],
        [1585.3336, 1747.4944,  755.7001, 1412.2849, 1623.8641,  519.6447],
        [1680.7480, 1879.0652,  788.3400, 1490.8784, 1732.0079,  528.1822],
        [1730.1152, 1921.2465,  801.4341, 1530.9170, 1786.3171,  530.2849],
        [1608.9854, 1788.9585,  754.1853, 1422.6207, 1664.8719,  494.3674],
        [1545.7556, 1714.8231,  750.9444, 1367.3691, 1597.2792,  506.5280],
        [1589.2893, 1777.6331,  777.3898, 1414.0410, 1643.2013,  516.1293],
        [1647.0369, 1835.9928,  780.3506, 1461.6636, 1688.7432,  515.5343],
        [1698.7446, 1882.8853,  833.1279, 1498.3992, 1741.3574,  562.3170],
        [1502.2993, 1667.0149,  725.7993, 1339.1340, 1545.6376,  493.9952],
        [1659.9235, 1839.1108,  799.5423, 1468.2274, 1701.9382,  541.4529],
        [1647.6511, 1831.4065,  799.1219, 1469.1501, 1703.0121,  546.4695],
        [1695.6780, 1885.5972,  809.3156, 1503.0093, 1740.3435,  544.3204],
        [1412.6273, 1564.1052,  689.8515, 1247.2024, 1455.0897,  458.7701],
        [1572.0430, 1743.9080,  775.0002, 1392.3273, 1619.2007,  525.7221],
        [1491.3250, 1660.8865,  703.8961, 1324.9830, 1547.3730,  463.4169],
        [1522.2177, 1702.6992,  746.4969, 1342.6594, 1571.7241,  498.8016],
        [1520.3379, 1678.4238,  717.8427, 1341.1028, 1555.6025,  478.3146],
        [1613.6863, 1791.9541,  796.4335, 1452.7209, 1664.4506,  541.8330],
        [1754.2201, 1934.2065,  856.9851, 1567.9257, 1801.6323,  586.2594],
        [1394.0781, 1551.0428,  679.1857, 1242.8667, 1443.0367,  450.2714],
        [1634.2837, 1826.5770,  785.2469, 1447.8312, 1688.9945,  529.0503],
        [1659.7351, 1870.8750,  789.9666, 1482.3257, 1714.6666,  530.4023],
        [1530.1039, 1699.8462,  728.6458, 1349.2009, 1576.5183,  486.3043],
        [1377.1355, 1530.3789,  668.9021, 1233.8474, 1421.0264,  444.9767],
        [1576.9333, 1735.3599,  762.4204, 1402.7747, 1610.4773,  512.0791],
        [1362.7914, 1507.7083,  647.7545, 1208.2555, 1396.9586,  432.0018],
        [1318.7432, 1455.0128,  634.1993, 1170.9504, 1351.2251,  422.3560],
        [1600.5182, 1781.5593,  760.5921, 1414.5437, 1645.0452,  497.4963],
        [1718.7469, 1902.2570,  825.3743, 1544.8019, 1763.0298,  551.7971],
        [1606.9344, 1798.6990,  765.9294, 1426.2161, 1665.5310,  507.5791],
        [1633.1638, 1812.9636,  797.2928, 1453.9109, 1670.3865,  534.2841],
        [1362.9353, 1504.5702,  651.1969, 1206.6558, 1391.1743,  441.8976],
        [1814.1318, 2012.1815,  849.4299, 1609.0867, 1872.2207,  563.8373],
        [1670.9653, 1845.7917,  805.4228, 1491.8152, 1718.9106,  529.9867],
        [1463.5360, 1627.1497,  702.8743, 1293.7800, 1511.4871,  471.1309],
        [1517.1584, 1694.9039,  741.8574, 1361.4589, 1563.8044,  492.0353],
        [1473.5366, 1630.4219,  707.8567, 1309.5774, 1514.0826,  463.8669],
        [1470.5831, 1619.1355,  734.2551, 1313.8862, 1522.2711,  505.8517],
        [1670.2634, 1861.2672,  789.4655, 1491.0676, 1730.1725,  519.0820],
        [1421.4937, 1567.3669,  700.5822, 1275.0696, 1466.3224,  470.5152],
        [1652.7644, 1828.3890,  784.8367, 1457.5251, 1692.0542,  540.9653],
        [1845.8132, 2061.0679,  892.1550, 1643.6575, 1900.4768,  587.3870],
        [1703.1245, 1903.7354,  807.5746, 1517.6682, 1761.2031,  523.0668],
        [1459.9340, 1627.5215,  700.5267, 1305.1659, 1504.1248,  462.5926],
        [1505.1122, 1675.0359,  714.5475, 1344.1135, 1556.8722,  467.6220],
        [1827.8318, 2033.8910,  864.2324, 1619.2988, 1895.8705,  561.6289],
        [1452.1891, 1611.7871,  706.5540, 1298.9093, 1501.2124,  468.7453],
        [1570.3088, 1733.6562,  746.7204, 1384.6593, 1607.4243,  495.4901],
        [1441.8545, 1587.2174,  696.7651, 1285.8047, 1475.6461,  479.9803],
        [1455.2317, 1610.7200,  711.9638, 1290.3966, 1495.7607,  468.7950],
        [1533.9622, 1712.7468,  751.2684, 1379.6012, 1597.0371,  496.4088],
        [1436.0159, 1594.6354,  693.9319, 1260.2078, 1474.4841,  453.7130],
        [1536.8044, 1717.5728,  737.9070, 1369.5747, 1582.8975,  501.3928],
        [1340.1545, 1497.7899,  673.2154, 1195.2876, 1381.4535,  450.9064],
        [1663.0568, 1862.2150,  808.7829, 1473.8799, 1709.0913,  543.3059],
        [1465.3088, 1637.2040,  690.8230, 1289.5955, 1510.6172,  462.4044],
        [1644.4414, 1830.7480,  760.7849, 1458.0592, 1693.0104,  498.3954],
        [1327.2307, 1466.3381,  657.0497, 1186.6472, 1368.1024,  436.6812],
        [1385.3479, 1546.6180,  656.4929, 1225.9451, 1427.0342,  437.1752],
        [1353.3137, 1505.0098,  659.9076, 1200.8303, 1392.1598,  443.9543],
        [1735.8827, 1930.0255,  834.2937, 1543.6376, 1782.6278,  550.5518],
        [1757.4929, 1949.6389,  838.0928, 1560.1243, 1812.1687,  567.4789],
        [1570.7375, 1747.6355,  741.9680, 1386.3263, 1609.5381,  501.3183],
        [1743.3489, 1930.6785,  818.7119, 1541.5791, 1795.8740,  552.2341],
        [1592.3112, 1777.4055,  793.5259, 1424.7594, 1632.8706,  534.7656],
        [1216.7246, 1356.8972,  611.7183, 1093.6915, 1255.7498,  414.3736],
        [1350.0503, 1487.6782,  655.9744, 1194.3833, 1385.5441,  450.5347],
        [1425.3831, 1579.3723,  680.5018, 1263.5676, 1456.4226,  463.3750],
        [1387.7029, 1530.7563,  674.2198, 1235.7688, 1422.9131,  458.7339]],
       grad_fn=<AddmmBackward0>)